#
# There is insufficient memory for the Java Runtime Environment to continue.
# Native memory allocation (mmap) failed to map 85983232 bytes for committing reserved memory.
# Possible reasons:
#   The system is out of physical RAM or swap space
#   In 32 bit mode, the process size limit was hit
# Possible solutions:
#   Reduce memory load on the system
#   Increase physical memory or swap space
#   Check if swap backing store is full
#   Use 64 bit Java on a 64 bit OS
#   Decrease Java heap size (-Xmx/-Xms)
#   Decrease number of Java threads
#   Decrease Java thread stack sizes (-Xss)
#   Set larger code cache with -XX:ReservedCodeCacheSize=
# This output file may be truncated or incomplete.
#
#  Out of Memory Error (os_linux.cpp:2627), pid=12040, tid=0x00007f666437a700
#
# JRE version: OpenJDK Runtime Environment (8.0_76-b03) (build 1.8.0_76-release-b03)
# Java VM: OpenJDK 64-Bit Server VM (25.76-b03 mixed mode linux-amd64 compressed oops)
# Failed to write core dump. Core dumps have been disabled. To enable core dumping, try "ulimit -c unlimited" before starting Java again
#

---------------  T H R E A D  ---------------

Current thread (0x00007f6660077800):  VMThread [stack: 0x00007f666427a000,0x00007f666437b000] [id=12048]

Stack: [0x00007f666427a000,0x00007f666437b000],  sp=0x00007f6664379490,  free space=1021k
Native frames: (J=compiled Java code, j=interpreted, Vv=VM code, C=native code)
V  [libjvm.so+0x9d9fcd]  VMError::report_and_die()+0x15d
V  [libjvm.so+0x4b4d4a]  report_vm_out_of_memory(char const*, int, unsigned long, VMErrorType, char const*)+0x8a
V  [libjvm.so+0x845190]  os::pd_commit_memory(char*, unsigned long, unsigned long, bool)+0xf0
V  [libjvm.so+0x83fcbf]  os::commit_memory(char*, unsigned long, unsigned long, bool)+0x1f
V  [libjvm.so+0x8b4d9b]  PSVirtualSpace::expand_by(unsigned long)+0x5b
V  [libjvm.so+0x8a5b7b]  PSOldGen::expand_by(unsigned long) [clone .part.109]+0x1b
V  [libjvm.so+0x8a5d3b]  PSOldGen::expand(unsigned long) [clone .part.111]+0xdb
V  [libjvm.so+0x8a6618]  PSOldGen::resize(unsigned long)+0x188
V  [libjvm.so+0x8abc2c]  PSParallelCompact::invoke_no_policy(bool)+0x97c
V  [libjvm.so+0x8b2d3d]  PSScavenge::invoke()+0x17d
V  [libjvm.so+0x8681f3]  ParallelScavengeHeap::failed_mem_allocate(unsigned long)+0x63
V  [libjvm.so+0x9dba94]  VM_ParallelGCFailedAllocation::doit()+0x84
V  [libjvm.so+0x9dfe47]  VM_Operation::evaluate()+0x47
V  [libjvm.so+0x9de908]  VMThread::evaluate_operation(VM_Operation*)+0x2c8
V  [libjvm.so+0x9ded89]  VMThread::loop()+0x219
V  [libjvm.so+0x9df1d2]  VMThread::run()+0x72
V  [libjvm.so+0x8425b2]  java_start(Thread*)+0xf2

VM_Operation (0x00007f65d37fc030): ParallelGCFailedAllocation, mode: safepoint, requested by thread 0x00007f65cc01c000


---------------  P R O C E S S  ---------------

Java Threads: ( => current thread )
  0x00007f65cc071800 JavaThread "pool-109-thread-4" [_thread_blocked, id=12348, stack(0x00007f65d35fc000,0x00007f65d36fd000)]
  0x00007f65cc022000 JavaThread "pool-109-thread-3" [_thread_blocked, id=12347, stack(0x00007f65d33fa000,0x00007f65d34fb000)]
  0x00007f65cc01c000 JavaThread "pool-109-thread-2" [_thread_blocked, id=12346, stack(0x00007f65d36fd000,0x00007f65d37fe000)]
  0x00007f65cc023800 JavaThread "pool-110-thread-1" [_thread_blocked, id=12345, stack(0x00007f65d27ee000,0x00007f65d28ef000)]
  0x00007f65cc075000 JavaThread "pool-109-thread-1" [_thread_blocked, id=12344, stack(0x00007f65d2af1000,0x00007f65d2bf2000)]
  0x00007f65d4107800 JavaThread "pool-93-thread-4" [_thread_blocked, id=12307, stack(0x00007f65d31f8000,0x00007f65d32f9000)]
  0x00007f65d4106800 JavaThread "pool-93-thread-3" [_thread_blocked, id=12306, stack(0x00007f65d2ff6000,0x00007f65d30f7000)]
  0x00007f65d4034000 JavaThread "pool-93-thread-2" [_thread_blocked, id=12305, stack(0x00007f65d24eb000,0x00007f65d25ec000)]
  0x00007f65d4033800 JavaThread "pool-94-thread-1" [_thread_blocked, id=12304, stack(0x00007f65d26ed000,0x00007f65d27ee000)]
  0x00007f65d40db800 JavaThread "pool-93-thread-1" [_thread_blocked, id=12303, stack(0x00007f65d2ef5000,0x00007f65d2ff6000)]
  0x00007f65e800c000 JavaThread "pool-6-thread-2" [_thread_blocked, id=12089, stack(0x00007f65d39fe000,0x00007f65d3aff000)]
  0x00007f65dc008800 JavaThread "pool-6-thread-3" [_thread_blocked, id=12088, stack(0x00007f65d3aff000,0x00007f65d3c00000)]
  0x00007f65d8004800 JavaThread "pool-6-thread-4" [_thread_blocked, id=12087, stack(0x00007f664023d000,0x00007f664033e000)]
  0x00007f65e400a000 JavaThread "pool-6-thread-1" [_thread_blocked, id=12086, stack(0x00007f664003b000,0x00007f664013c000)]
  0x00007f660138d000 JavaThread "pool-4-thread-4" [_thread_blocked, id=12085, stack(0x00007f664013c000,0x00007f664023d000)]
  0x00007f66017d6000 JavaThread "pool-4-thread-3" [_thread_blocked, id=12084, stack(0x00007f664033e000,0x00007f664043f000)]
  0x00007f66017d5800 JavaThread "pool-4-thread-2" [_thread_blocked, id=12083, stack(0x00007f664043f000,0x00007f6640540000)]
  0x00007f66015c7800 JavaThread "pool-4-thread-1" [_thread_blocked, id=12075, stack(0x00007f6640944000,0x00007f6640a45000)]
  0x00007f6600c7e000 JavaThread "File lock request listener" [_thread_in_native, id=12071, stack(0x00007f66429b9000,0x00007f6642aba000)]
  0x00007f6600ba2800 JavaThread "process reaper" daemon [_thread_blocked, id=12070, stack(0x00007f6648003000,0x00007f664803c000)]
  0x00007f6600012800 JavaThread "Stdin handler" [_thread_blocked, id=12067, stack(0x00007f66437fa000,0x00007f66438fb000)]
  0x00007f660000b000 JavaThread "Asynchronous log dispatcher for org.gradle.launcher.daemon.server.DefaultDaemonConnection@5495d7ad" [_thread_blocked, id=12066, stack(0x00007f66438fb000,0x00007f66439fc000)]
  0x00007f6604008000 JavaThread "Daemon worker" [_thread_blocked, id=12063, stack(0x00007f66439fc000,0x00007f6643afd000)]
  0x00007f660400c800 JavaThread "Cancel handler" [_thread_blocked, id=12062, stack(0x00007f6643afd000,0x00007f6643bfe000)]
  0x00007f6604003800 JavaThread "Handler for socket connection from /127.0.0.1:49682 to /127.0.0.1:36621" [_thread_in_native, id=12061, stack(0x00007f6643bfe000,0x00007f6643cff000)]
  0x00007f660c012800 JavaThread "Daemon" [_thread_blocked, id=12060, stack(0x00007f6643cff000,0x00007f6643e00000)]
  0x00007f6660b95800 JavaThread "pool-1-thread-1" [_thread_blocked, id=12059, stack(0x00007f664803d000,0x00007f664813e000)]
  0x00007f6660b75800 JavaThread "Incoming local TCP Connector on port 49682" [_thread_in_native, id=12058, stack(0x00007f6648145000,0x00007f6648246000)]
  0x00007f66600cf800 JavaThread "Service Thread" daemon [_thread_blocked, id=12055, stack(0x00007f6650419000,0x00007f665051a000)]
  0x00007f66600bc800 JavaThread "C1 CompilerThread2" daemon [_thread_blocked, id=12054, stack(0x00007f665051a000,0x00007f665061b000)]
  0x00007f66600ba800 JavaThread "C2 CompilerThread1" daemon [_thread_blocked, id=12053, stack(0x00007f665061b000,0x00007f665071c000)]
  0x00007f66600b7800 JavaThread "C2 CompilerThread0" daemon [_thread_blocked, id=12052, stack(0x00007f665071c000,0x00007f665081d000)]
  0x00007f66600b6000 JavaThread "Signal Dispatcher" daemon [_thread_blocked, id=12051, stack(0x00007f665081d000,0x00007f665091e000)]
  0x00007f6660083800 JavaThread "Finalizer" daemon [_thread_blocked, id=12050, stack(0x00007f6664078000,0x00007f6664179000)]
  0x00007f666007f000 JavaThread "Reference Handler" daemon [_thread_blocked, id=12049, stack(0x00007f6664179000,0x00007f666427a000)]
  0x00007f666000a000 JavaThread "main" [_thread_blocked, id=12043, stack(0x00007f6669af4000,0x00007f6669bf5000)]

Other Threads:
=>0x00007f6660077800 VMThread [stack: 0x00007f666427a000,0x00007f666437b000] [id=12048]
  0x00007f66600d2000 WatcherThread [stack: 0x00007f6650318000,0x00007f6650419000] [id=12056]

VM state:at safepoint (normal execution)

VM Mutex/Monitor currently owned by a thread:  ([mutex/lock_event])
[0x00007f6660005c30] ExpandHeap_lock - owner thread: 0x00007f6660077800
[0x00007f66600062b0] Threads_lock - owner thread: 0x00007f6660077800
[0x00007f66600067b0] Heap_lock - owner thread: 0x00007f65cc01c000

Heap:
 PSYoungGen      total 438272K, used 0K [0x00000000e0000000, 0x0000000100000000, 0x0000000100000000)
  eden space 350720K, 0% used [0x00000000e0000000,0x00000000e0000000,0x00000000f5680000)
  from space 87552K, 0% used [0x00000000faa80000,0x00000000faa80000,0x0000000100000000)
  to   space 86016K, 0% used [0x00000000f5680000,0x00000000f5680000,0x00000000faa80000)
 ParOldGen       total 274432K, used 217357K [0x00000000a0000000, 0x00000000b0c00000, 0x00000000e0000000)
  object space 274432K, 79% used [0x00000000a0000000,0x00000000ad443530,0x00000000b0c00000)
 Metaspace       used 63203K, capacity 64674K, committed 65024K, reserved 1105920K
  class space    used 8026K, capacity 8321K, committed 8448K, reserved 1048576K

Card table byte_map: [0x00007f66666a2000,0x00007f66669a3000] byte_map_base: 0x00007f66661a2000

Marking Bits: (ParMarkBitMap*) 0x00007f6668fcc1a0
 Begin Bits: [0x00007f6649000000, 0x00007f664a800000)
 End Bits:   [0x00007f664a800000, 0x00007f664c000000)

Polling page: 0x00007f6669c16000

CodeCache: size=245760Kb used=36650Kb max_used=36650Kb free=209109Kb
 bounds [0x00007f6651000000, 0x00007f6653400000, 0x00007f6660000000]
 total_blobs=11148 nmethods=10384 adapters=677
 compilation: enabled

Compilation events (10 events):
Event: 33.766 Thread 0x00007f66600b7800 nmethod 13460 0x00007f66533f9d50 code [0x00007f66533fa060, 0x00007f66533fc3d0]
Event: 33.766 Thread 0x00007f66600b7800 13261       4       com.android.dx.cf.code.Ropper::addExceptionSetupBlocks (203 bytes)
Event: 33.767 Thread 0x00007f66600bc800 13483 % !   3       java.util.concurrent.ConcurrentHashMap::transfer @ 441 (832 bytes)
Event: 33.770 Thread 0x00007f66600bc800 nmethod 13483% 0x00007f66533da9d0 code [0x00007f66533dad40, 0x00007f66533dd768]
Event: 33.776 Thread 0x00007f66600bc800 13484 %     3       com.android.dx.rop.cst.CstArray$List::compareTo @ 25 (93 bytes)
Event: 33.777 Thread 0x00007f66600bc800 nmethod 13484% 0x00007f66533d90d0 code [0x00007f66533d9300, 0x00007f66533da318]
Event: 33.777 Thread 0x00007f66600bc800 13485       3       com.android.dx.rop.cst.CstArray$List::compareTo (93 bytes)
Event: 33.778 Thread 0x00007f66600bc800 nmethod 13485 0x00007f66533cdd50 code [0x00007f66533cdf80, 0x00007f66533ceed8]
Event: 33.790 Thread 0x00007f66600bc800 13486       3       com.android.dx.dex.code.OutputFinisher::finishProcessingAndGetList (74 bytes)
Event: 33.791 Thread 0x00007f66600bc800 nmethod 13486 0x00007f66533d8710 code [0x00007f66533d8900, 0x00007f66533d8e38]

GC Heap History (10 events):
Event: 31.457 GC heap after
Heap after GC invocations=32 (full 5):
 PSYoungGen      total 411648K, used 48122K [0x00000000e0000000, 0x0000000100000000, 0x0000000100000000)
  eden space 363520K, 0% used [0x00000000e0000000,0x00000000e0000000,0x00000000f6300000)
  from space 48128K, 99% used [0x00000000f6300000,0x00000000f91fe8a0,0x00000000f9200000)
  to   space 81408K, 0% used [0x00000000fb080000,0x00000000fb080000,0x0000000100000000)
 ParOldGen       total 188928K, used 188860K [0x00000000a0000000, 0x00000000ab880000, 0x00000000e0000000)
  object space 188928K, 99% used [0x00000000a0000000,0x00000000ab86f158,0x00000000ab880000)
 Metaspace       used 63160K, capacity 64610K, committed 64768K, reserved 1105920K
  class space    used 8024K, capacity 8321K, committed 8448K, reserved 1048576K
}
Event: 31.457 GC heap before
{Heap before GC invocations=33 (full 6):
 PSYoungGen      total 411648K, used 48122K [0x00000000e0000000, 0x0000000100000000, 0x0000000100000000)
  eden space 363520K, 0% used [0x00000000e0000000,0x00000000e0000000,0x00000000f6300000)
  from space 48128K, 99% used [0x00000000f6300000,0x00000000f91fe8a0,0x00000000f9200000)
  to   space 81408K, 0% used [0x00000000fb080000,0x00000000fb080000,0x0000000100000000)
 ParOldGen       total 188928K, used 188860K [0x00000000a0000000, 0x00000000ab880000, 0x00000000e0000000)
  object space 188928K, 99% used [0x00000000a0000000,0x00000000ab86f158,0x00000000ab880000)
 Metaspace       used 63160K, capacity 64610K, committed 64768K, reserved 1105920K
  class space    used 8024K, capacity 8321K, committed 8448K, reserved 1048576K
Event: 31.842 GC heap after
Heap after GC invocations=33 (full 6):
 PSYoungGen      total 411648K, used 0K [0x00000000e0000000, 0x0000000100000000, 0x0000000100000000)
  eden space 363520K, 0% used [0x00000000e0000000,0x00000000e0000000,0x00000000f6300000)
  from space 48128K, 0% used [0x00000000f6300000,0x00000000f6300000,0x00000000f9200000)
  to   space 81408K, 0% used [0x00000000fb080000,0x00000000fb080000,0x0000000100000000)
 ParOldGen       total 274432K, used 163628K [0x00000000a0000000, 0x00000000b0c00000, 0x00000000e0000000)
  object space 274432K, 59% used [0x00000000a0000000,0x00000000a9fcb218,0x00000000b0c00000)
 Metaspace       used 63160K, capacity 64610K, committed 64768K, reserved 1105920K
  class space    used 8024K, capacity 8321K, committed 8448K, reserved 1048576K
}
Event: 32.401 GC heap before
{Heap before GC invocations=34 (full 6):
 PSYoungGen      total 411648K, used 363520K [0x00000000e0000000, 0x0000000100000000, 0x0000000100000000)
  eden space 363520K, 100% used [0x00000000e0000000,0x00000000f6300000,0x00000000f6300000)
  from space 48128K, 0% used [0x00000000f6300000,0x00000000f6300000,0x00000000f9200000)
  to   space 81408K, 0% used [0x00000000fb080000,0x00000000fb080000,0x0000000100000000)
 ParOldGen       total 274432K, used 163628K [0x00000000a0000000, 0x00000000b0c00000, 0x00000000e0000000)
  object space 274432K, 59% used [0x00000000a0000000,0x00000000a9fcb218,0x00000000b0c00000)
 Metaspace       used 63185K, capacity 64610K, committed 64768K, reserved 1105920K
  class space    used 8024K, capacity 8321K, committed 8448K, reserved 1048576K
Event: 32.466 GC heap after
Heap after GC invocations=34 (full 6):
 PSYoungGen      total 443904K, used 44569K [0x00000000e0000000, 0x0000000100000000, 0x0000000100000000)
  eden space 362496K, 0% used [0x00000000e0000000,0x00000000e0000000,0x00000000f6200000)
  from space 81408K, 54% used [0x00000000fb080000,0x00000000fdc067b8,0x0000000100000000)
  to   space 80384K, 0% used [0x00000000f6200000,0x00000000f6200000,0x00000000fb080000)
 ParOldGen       total 274432K, used 163636K [0x00000000a0000000, 0x00000000b0c00000, 0x00000000e0000000)
  object space 274432K, 59% used [0x00000000a0000000,0x00000000a9fcd218,0x00000000b0c00000)
 Metaspace       used 63185K, capacity 64610K, committed 64768K, reserved 1105920K
  class space    used 8024K, capacity 8321K, committed 8448K, reserved 1048576K
}
Event: 33.039 GC heap before
{Heap before GC invocations=35 (full 6):
 PSYoungGen      total 443904K, used 407065K [0x00000000e0000000, 0x0000000100000000, 0x0000000100000000)
  eden space 362496K, 100% used [0x00000000e0000000,0x00000000f6200000,0x00000000f6200000)
  from space 81408K, 54% used [0x00000000fb080000,0x00000000fdc067b8,0x0000000100000000)
  to   space 80384K, 0% used [0x00000000f6200000,0x00000000f6200000,0x00000000fb080000)
 ParOldGen       total 274432K, used 163636K [0x00000000a0000000, 0x00000000b0c00000, 0x00000000e0000000)
  object space 274432K, 59% used [0x00000000a0000000,0x00000000a9fcd218,0x00000000b0c00000)
 Metaspace       used 63200K, capacity 64674K, committed 65024K, reserved 1105920K
  class space    used 8026K, capacity 8321K, committed 8448K, reserved 1048576K
Event: 33.117 GC heap after
Heap after GC invocations=35 (full 6):
 PSYoungGen      total 429056K, used 66376K [0x00000000e0000000, 0x0000000100000000, 0x0000000100000000)
  eden space 362496K, 0% used [0x00000000e0000000,0x00000000e0000000,0x00000000f6200000)
  from space 66560K, 99% used [0x00000000f6200000,0x00000000fa2d20c8,0x00000000fa300000)
  to   space 87552K, 0% used [0x00000000faa80000,0x00000000faa80000,0x0000000100000000)
 ParOldGen       total 274432K, used 199681K [0x00000000a0000000, 0x00000000b0c00000, 0x00000000e0000000)
  object space 274432K, 72% used [0x00000000a0000000,0x00000000ac3007c8,0x00000000b0c00000)
 Metaspace       used 63200K, capacity 64674K, committed 65024K, reserved 1105920K
  class space    used 8026K, capacity 8321K, committed 8448K, reserved 1048576K
}
Event: 33.796 GC heap before
{Heap before GC invocations=36 (full 6):
 PSYoungGen      total 429056K, used 428872K [0x00000000e0000000, 0x0000000100000000, 0x0000000100000000)
  eden space 362496K, 100% used [0x00000000e0000000,0x00000000f6200000,0x00000000f6200000)
  from space 66560K, 99% used [0x00000000f6200000,0x00000000fa2d20c8,0x00000000fa300000)
  to   space 87552K, 0% used [0x00000000faa80000,0x00000000faa80000,0x0000000100000000)
 ParOldGen       total 274432K, used 199681K [0x00000000a0000000, 0x00000000b0c00000, 0x00000000e0000000)
  object space 274432K, 72% used [0x00000000a0000000,0x00000000ac3007c8,0x00000000b0c00000)
 Metaspace       used 63203K, capacity 64674K, committed 65024K, reserved 1105920K
  class space    used 8026K, capacity 8321K, committed 8448K, reserved 1048576K
Event: 33.906 GC heap after
Heap after GC invocations=36 (full 6):
 PSYoungGen      total 438272K, used 47550K [0x00000000e0000000, 0x0000000100000000, 0x0000000100000000)
  eden space 350720K, 0% used [0x00000000e0000000,0x00000000e0000000,0x00000000f5680000)
  from space 87552K, 54% used [0x00000000faa80000,0x00000000fd8efb98,0x0000000100000000)
  to   space 86016K, 0% used [0x00000000f5680000,0x00000000f5680000,0x00000000faa80000)
 ParOldGen       total 274432K, used 252910K [0x00000000a0000000, 0x00000000b0c00000, 0x00000000e0000000)
  object space 274432K, 92% used [0x00000000a0000000,0x00000000af6fbaa8,0x00000000b0c00000)
 Metaspace       used 63203K, capacity 64674K, committed 65024K, reserved 1105920K
  class space    used 8026K, capacity 8321K, committed 8448K, reserved 1048576K
}
Event: 33.919 GC heap before
{Heap before GC invocations=37 (full 7):
 PSYoungGen      total 438272K, used 47550K [0x00000000e0000000, 0x0000000100000000, 0x0000000100000000)
  eden space 350720K, 0% used [0x00000000e0000000,0x00000000e0000000,0x00000000f5680000)
  from space 87552K, 54% used [0x00000000faa80000,0x00000000fd8efb98,0x0000000100000000)
  to   space 86016K, 0% used [0x00000000f5680000,0x00000000f5680000,0x00000000faa80000)
 ParOldGen       total 274432K, used 252910K [0x00000000a0000000, 0x00000000b0c00000, 0x00000000e0000000)
  object space 274432K, 92% used [0x00000000a0000000,0x00000000af6fbaa8,0x00000000b0c00000)
 Metaspace       used 63203K, capacity 64674K, committed 65024K, reserved 1105920K
  class space    used 8026K, capacity 8321K, committed 8448K, reserved 1048576K

Deoptimization events (10 events):
Event: 31.168 Thread 0x0000000001c77000 Uncommon trap: reason=unstable_if action=reinterpret pc=0x00007f665315e108 method=com.android.dx.dex.code.OutputFinisher.hasLocalInfo(Lcom/android/dx/dex/code/DalvInsn;)Z @ 24
Event: 31.191 Thread 0x0000000001c87800 Uncommon trap: reason=unstable_if action=reinterpret pc=0x00007f665315b2f8 method=com.android.dx.dex.code.OutputFinisher.hasLocalInfo(Lcom/android/dx/dex/code/DalvInsn;)Z @ 24
Event: 32.540 Thread 0x00007f65d8004800 Uncommon trap: reason=unstable_if action=reinterpret pc=0x00007f665311265c method=com.android.dx.ssa.SsaMethod.deleteInsns(Ljava/util/Set;)V @ 130
Event: 32.540 Thread 0x00007f65d8004800 Uncommon trap: reason=unstable_if action=reinterpret pc=0x00007f6653256338 method=com.android.dx.ssa.PhiInsn.getSources()Lcom/android/dx/rop/code/RegisterSpecList; @ 19
Event: 32.540 Thread 0x00007f65d8004800 Uncommon trap: reason=unstable_if action=reinterpret pc=0x00007f6652befb80 method=com.android.dx.ssa.PhiInsn.getSources()Lcom/android/dx/rop/code/RegisterSpecList; @ 19
Event: 32.627 Thread 0x00007f65e0023000 Uncommon trap: reason=bimorphic action=maybe_recompile pc=0x00007f6653310e28 method=com.android.dx.cf.code.BytecodeArray.parseInstruction(ILcom/android/dx/cf/code/BytecodeArray$Visitor;)I @ 1501
Event: 32.627 Thread 0x00007f65e0023000 Uncommon trap: reason=bimorphic action=maybe_recompile pc=0x00007f6653310e28 method=com.android.dx.cf.code.BytecodeArray.parseInstruction(ILcom/android/dx/cf/code/BytecodeArray$Visitor;)I @ 1501
Event: 32.791 Thread 0x00007f65e800c000 Uncommon trap: reason=unstable_if action=reinterpret pc=0x00007f66532f5884 method=com.android.dx.rop.code.RegisterSpecSet.<init>(I)V @ 2
Event: 32.791 Thread 0x00007f65e800c000 Uncommon trap: reason=unstable_if action=reinterpret pc=0x00007f6652cd18d0 method=com.android.dx.rop.code.RegisterSpecSet.<init>(I)V @ 2
Event: 33.660 Thread 0x00007f65e800c000 Uncommon trap: reason=unstable_if action=reinterpret pc=0x00007f6652f6afd8 method=com.android.dx.rop.code.RegisterSpecSet.<init>(I)V @ 2

Internal exceptions (10 events):
Event: 16.429 Thread 0x00007f6604008000 Exception <a 'java/lang/NoSuchMethodError': <clinit>> (0x00000000e33e13c8) thrown at [/ssd/Android/AOSP-openjdk/external/jetbrains/jdk/hotspot/src/share/vm/prims/jni.cpp, line 1591]
Event: 19.137 Thread 0x00007f6604008000 Implicit null exception at 0x00007f665272aa59 to 0x00007f665272ab11
Event: 20.523 Thread 0x00007f6604008000 Implicit null exception at 0x00007f6652752119 to 0x00007f6652753be7
Event: 22.222 Thread 0x00007f6604008000 Exception <a 'java/lang/NoSuchMethodError': <clinit>> (0x00000000e5e90480) thrown at [/ssd/Android/AOSP-openjdk/external/jetbrains/jdk/hotspot/src/share/vm/prims/jni.cpp, line 1591]
Event: 24.668 Thread 0x00007f65d4088800 Implicit null exception at 0x00007f665217bd9c to 0x00007f665217cc31
Event: 24.845 Thread 0x00007f65d4093800 Implicit null exception at 0x00007f66529bdcd5 to 0x00007f66529bea71
Event: 26.470 Thread 0x00007f65cc01c000 Implicit null exception at 0x00007f6652f392cc to 0x00007f6652f39b65
Event: 27.744 Thread 0x00007f65e0025800 Implicit null exception at 0x00007f6652d45a38 to 0x00007f6652d45df1
Event: 30.934 Thread 0x00007f65e0033000 Implicit null exception at 0x00007f6652f4c66a to 0x00007f6652f4cfe5
Event: 30.934 Thread 0x00007f65e800c000 Implicit null exception at 0x00007f6652f4c66a to 0x00007f6652f4cfe5

Events (10 events):
Event: 33.792 Thread 0x00007f65d4106800 DEOPT UNPACKING pc=0x00007f6651047373 sp=0x00007f65d30f4cb8 mode 0
Event: 33.783 Thread 0x00007f65d40db800 DEOPT PACKING pc=0x00007f66511f3a25 sp=0x00007f65d2ff3f30
Event: 33.792 Thread 0x00007f65d40db800 DEOPT UNPACKING pc=0x00007f6651047373 sp=0x00007f65d2ff3cb8 mode 0
Event: 33.792 Thread 0x00007f65d4106800 DEOPT PACKING pc=0x00007f66511f3a25 sp=0x00007f65d30f4f30
Event: 33.792 Thread 0x00007f65d4106800 DEOPT UNPACKING pc=0x00007f6651047373 sp=0x00007f65d30f4cb8 mode 0
Event: 33.793 Thread 0x00007f65d4106800 DEOPT PACKING pc=0x00007f66511f3a25 sp=0x00007f65d30f4f30
Event: 33.793 Thread 0x00007f65d4106800 DEOPT UNPACKING pc=0x00007f6651047373 sp=0x00007f65d30f4cb8 mode 0
Event: 33.793 Executing VM operation: ParallelGCFailedAllocation
Event: 33.786 Thread 0x00007f65d4107800 DEOPT PACKING pc=0x00007f66511f3a25 sp=0x00007f65d32f6f30
Event: 33.793 Thread 0x00007f65d4107800 DEOPT UNPACKING pc=0x00007f6651047373 sp=0x00007f65d32f6cb8 mode 0


Dynamic libraries:
00400000-00401000 r-xp 00000000 08:01 6560293                            /opt/android-studio/jre/bin/java
00600000-00601000 r--p 00000000 08:01 6560293                            /opt/android-studio/jre/bin/java
00601000-00602000 rw-p 00001000 08:01 6560293                            /opt/android-studio/jre/bin/java
01c6b000-01d41000 rw-p 00000000 00:00 0                                  [heap]
a0000000-b0c00000 rw-p 00000000 00:00 0 
b5e00000-e0000000 ---p 00000000 00:00 0 
e0000000-100000000 rw-p 00000000 00:00 0 
100000000-100840000 rw-p 00000000 00:00 0 
100840000-140000000 ---p 00000000 00:00 0 
7f65cc000000-7f65cc13d000 rw-p 00000000 00:00 0 
7f65cc13d000-7f65d0000000 ---p 00000000 00:00 0 
7f65d21ea000-7f65d232a000 rw-p 00000000 00:00 0 
7f65d232a000-7f65d23ed000 ---p 00000000 00:00 0 
7f65d23ed000-7f65d24eb000 rw-p 00000000 00:00 0 
7f65d24eb000-7f65d24ee000 ---p 00000000 00:00 0 
7f65d24ee000-7f65d25ec000 rw-p 00000000 00:00 0                          [stack:12305]
7f65d25ec000-7f65d25ef000 ---p 00000000 00:00 0 
7f65d25ef000-7f65d26ed000 rw-p 00000000 00:00 0 
7f65d26ed000-7f65d26f0000 ---p 00000000 00:00 0 
7f65d26f0000-7f65d27ee000 rw-p 00000000 00:00 0                          [stack:12304]
7f65d27ee000-7f65d27f1000 ---p 00000000 00:00 0 
7f65d27f1000-7f65d28ef000 rw-p 00000000 00:00 0                          [stack:12345]
7f65d28ef000-7f65d28f2000 ---p 00000000 00:00 0 
7f65d28f2000-7f65d29f0000 rw-p 00000000 00:00 0 
7f65d29f0000-7f65d29f3000 ---p 00000000 00:00 0 
7f65d29f3000-7f65d2af1000 rw-p 00000000 00:00 0 
7f65d2af1000-7f65d2af4000 ---p 00000000 00:00 0 
7f65d2af4000-7f65d2bf2000 rw-p 00000000 00:00 0                          [stack:12344]
7f65d2bf2000-7f65d2bf5000 ---p 00000000 00:00 0 
7f65d2bf5000-7f65d2cf3000 rw-p 00000000 00:00 0 
7f65d2cf3000-7f65d2cf6000 ---p 00000000 00:00 0 
7f65d2cf6000-7f65d2df4000 rw-p 00000000 00:00 0 
7f65d2df4000-7f65d2df7000 ---p 00000000 00:00 0 
7f65d2df7000-7f65d2ef5000 rw-p 00000000 00:00 0 
7f65d2ef5000-7f65d2ef8000 ---p 00000000 00:00 0 
7f65d2ef8000-7f65d2ff6000 rw-p 00000000 00:00 0                          [stack:12303]
7f65d2ff6000-7f65d2ff9000 ---p 00000000 00:00 0 
7f65d2ff9000-7f65d30f7000 rw-p 00000000 00:00 0                          [stack:12306]
7f65d30f7000-7f65d30fa000 ---p 00000000 00:00 0 
7f65d30fa000-7f65d31f8000 rw-p 00000000 00:00 0 
7f65d31f8000-7f65d31fb000 ---p 00000000 00:00 0 
7f65d31fb000-7f65d32f9000 rw-p 00000000 00:00 0                          [stack:12307]
7f65d32f9000-7f65d32fc000 ---p 00000000 00:00 0 
7f65d32fc000-7f65d33fa000 rw-p 00000000 00:00 0 
7f65d33fa000-7f65d33fd000 ---p 00000000 00:00 0 
7f65d33fd000-7f65d34fb000 rw-p 00000000 00:00 0                          [stack:12347]
7f65d34fb000-7f65d34fe000 ---p 00000000 00:00 0 
7f65d34fe000-7f65d35fc000 rw-p 00000000 00:00 0 
7f65d35fc000-7f65d35ff000 ---p 00000000 00:00 0 
7f65d35ff000-7f65d36fd000 rw-p 00000000 00:00 0                          [stack:12348]
7f65d36fd000-7f65d3700000 ---p 00000000 00:00 0 
7f65d3700000-7f65d39fe000 rw-p 00000000 00:00 0                          [stack:12346]
7f65d39fe000-7f65d3a01000 ---p 00000000 00:00 0 
7f65d3a01000-7f65d3aff000 rw-p 00000000 00:00 0                          [stack:12089]
7f65d3aff000-7f65d3b02000 ---p 00000000 00:00 0 
7f65d3b02000-7f65d3e00000 rw-p 00000000 00:00 0                          [stack:12088]
7f65d3e00000-7f65d4000000 rw-p 00000000 00:00 0 
7f65d4000000-7f65d411b000 rw-p 00000000 00:00 0 
7f65d411b000-7f65d8000000 ---p 00000000 00:00 0 
7f65d8000000-7f65d8025000 rw-p 00000000 00:00 0 
7f65d8025000-7f65dc000000 ---p 00000000 00:00 0 
7f65dc000000-7f65dc021000 rw-p 00000000 00:00 0 
7f65dc021000-7f65e0000000 ---p 00000000 00:00 0 
7f65e0000000-7f65e01e7000 rw-p 00000000 00:00 0 
7f65e01e7000-7f65e4000000 ---p 00000000 00:00 0 
7f65e4000000-7f65e4040000 rw-p 00000000 00:00 0 
7f65e4040000-7f65e8000000 ---p 00000000 00:00 0 
7f65e8000000-7f65e803f000 rw-p 00000000 00:00 0 
7f65e803f000-7f65ec000000 ---p 00000000 00:00 0 
7f65ec000000-7f65ec021000 rw-p 00000000 00:00 0 
7f65ec021000-7f65f0000000 ---p 00000000 00:00 0 
7f65f0000000-7f65f0021000 rw-p 00000000 00:00 0 
7f65f0021000-7f65f4000000 ---p 00000000 00:00 0 
7f65f4000000-7f65f402b000 rw-p 00000000 00:00 0 
7f65f402b000-7f65f8000000 ---p 00000000 00:00 0 
7f65f8000000-7f65f8021000 rw-p 00000000 00:00 0 
7f65f8021000-7f65fc000000 ---p 00000000 00:00 0 
7f65fc000000-7f65fc021000 rw-p 00000000 00:00 0 
7f65fc021000-7f6600000000 ---p 00000000 00:00 0 
7f6600000000-7f66019f4000 rw-p 00000000 00:00 0 
7f66019f4000-7f6604000000 ---p 00000000 00:00 0 
7f6604000000-7f6604286000 rw-p 00000000 00:00 0 
7f6604286000-7f6608000000 ---p 00000000 00:00 0 
7f6608000000-7f6608021000 rw-p 00000000 00:00 0 
7f6608021000-7f660c000000 ---p 00000000 00:00 0 
7f660c000000-7f660c074000 rw-p 00000000 00:00 0 
7f660c074000-7f6610000000 ---p 00000000 00:00 0 
7f6610000000-7f6610021000 rw-p 00000000 00:00 0 
7f6610021000-7f6614000000 ---p 00000000 00:00 0 
7f6614000000-7f6614021000 rw-p 00000000 00:00 0 
7f6614021000-7f6618000000 ---p 00000000 00:00 0 
7f6618000000-7f6618021000 rw-p 00000000 00:00 0 
7f6618021000-7f661c000000 ---p 00000000 00:00 0 
7f661c000000-7f661e2d6000 rw-p 00000000 00:00 0 
7f661e2d6000-7f6620000000 ---p 00000000 00:00 0 
7f6620000000-7f6621193000 rw-p 00000000 00:00 0 
7f6621193000-7f6624000000 ---p 00000000 00:00 0 
7f6624000000-7f6624021000 rw-p 00000000 00:00 0 
7f6624021000-7f6628000000 ---p 00000000 00:00 0 
7f6628000000-7f662a0fc000 rw-p 00000000 00:00 0 
7f662a0fc000-7f662c000000 ---p 00000000 00:00 0 
7f662c000000-7f662c021000 rw-p 00000000 00:00 0 
7f662c021000-7f6630000000 ---p 00000000 00:00 0 
7f6630000000-7f6630021000 rw-p 00000000 00:00 0 
7f6630021000-7f6634000000 ---p 00000000 00:00 0 
7f6634000000-7f6634038000 rw-p 00000000 00:00 0 
7f6634038000-7f6638000000 ---p 00000000 00:00 0 
7f6638000000-7f6638378000 rw-p 00000000 00:00 0 
7f6638378000-7f663c000000 ---p 00000000 00:00 0 
7f663c000000-7f663c021000 rw-p 00000000 00:00 0 
7f663c021000-7f6640000000 ---p 00000000 00:00 0 
7f6640033000-7f664003b000 r--s 00045000 08:01 7748101                    /home/pankaj/AndroidStudioProjects/Cabscout-Driver/app/build/intermediates/exploded-aar/com.google.firebase/firebase-database/9.2.1/jars/classes.jar
7f664003b000-7f664003e000 ---p 00000000 00:00 0 
7f664003e000-7f664013c000 rw-p 00000000 00:00 0                          [stack:12086]
7f664013c000-7f664013f000 ---p 00000000 00:00 0 
7f664013f000-7f664023d000 rw-p 00000000 00:00 0                          [stack:12085]
7f664023d000-7f6640240000 ---p 00000000 00:00 0 
7f6640240000-7f664033e000 rw-p 00000000 00:00 0                          [stack:12087]
7f664033e000-7f6640341000 ---p 00000000 00:00 0 
7f6640341000-7f664043f000 rw-p 00000000 00:00 0                          [stack:12084]
7f664043f000-7f6640442000 ---p 00000000 00:00 0 
7f6640442000-7f6640740000 rw-p 00000000 00:00 0                          [stack:12083]
7f6640740000-7f6640940000 rw-p 00000000 00:00 0 
7f6640944000-7f6640947000 ---p 00000000 00:00 0 
7f6640947000-7f6640c45000 rw-p 00000000 00:00 0                          [stack:12075]
7f6640c45000-7f6640e45000 rw-p 00000000 00:00 0 
7f6640e45000-7f6640e5c000 r-xp 00000000 08:01 14155791                   /lib/x86_64-linux-gnu/libresolv-2.19.so
7f6640e5c000-7f664105c000 ---p 00017000 08:01 14155791                   /lib/x86_64-linux-gnu/libresolv-2.19.so
7f664105c000-7f664105d000 r--p 00017000 08:01 14155791                   /lib/x86_64-linux-gnu/libresolv-2.19.so
7f664105d000-7f664105e000 rw-p 00018000 08:01 14155791                   /lib/x86_64-linux-gnu/libresolv-2.19.so
7f664105e000-7f6641060000 rw-p 00000000 00:00 0 
7f6641060000-7f6641065000 r-xp 00000000 08:01 14155874                   /lib/x86_64-linux-gnu/libnss_dns-2.19.so
7f6641065000-7f6641264000 ---p 00005000 08:01 14155874                   /lib/x86_64-linux-gnu/libnss_dns-2.19.so
7f6641264000-7f6641265000 r--p 00004000 08:01 14155874                   /lib/x86_64-linux-gnu/libnss_dns-2.19.so
7f6641265000-7f6641266000 rw-p 00005000 08:01 14155874                   /lib/x86_64-linux-gnu/libnss_dns-2.19.so
7f6641266000-7f6641268000 r-xp 00000000 08:01 14159817                   /lib/x86_64-linux-gnu/libnss_mdns4_minimal.so.2
7f6641268000-7f6641467000 ---p 00002000 08:01 14159817                   /lib/x86_64-linux-gnu/libnss_mdns4_minimal.so.2
7f6641467000-7f6641468000 r--p 00001000 08:01 14159817                   /lib/x86_64-linux-gnu/libnss_mdns4_minimal.so.2
7f6641468000-7f6641469000 rw-p 00002000 08:01 14159817                   /lib/x86_64-linux-gnu/libnss_mdns4_minimal.so.2
7f664146b000-7f664147c000 r--s 000bd000 08:01 7353164                    /home/pankaj/AndroidStudioProjects/Cabscout-Driver/app/build/intermediates/exploded-aar/com.google.android.gms/play-services-ads/9.2.1/jars/classes.jar
7f6641480000-7f6641481000 rw-p 00000000 00:00 0 
7f6641481000-7f6641487000 r--s 0003a000 08:01 6562008                    /opt/android-studio/jre/jre/lib/ext/sunjce_provider.jar
7f6641487000-7f6641687000 rw-p 00000000 00:00 0 
7f6641687000-7f66416bd000 r-xp 00000000 08:01 6562045                    /opt/android-studio/jre/jre/lib/amd64/libsunec.so
7f66416bd000-7f66418bc000 ---p 00036000 08:01 6562045                    /opt/android-studio/jre/jre/lib/amd64/libsunec.so
7f66418bc000-7f66418c1000 r--p 00035000 08:01 6562045                    /opt/android-studio/jre/jre/lib/amd64/libsunec.so
7f66418c1000-7f66418c3000 rw-p 0003a000 08:01 6562045                    /opt/android-studio/jre/jre/lib/amd64/libsunec.so
7f66418c3000-7f66418d4000 rw-p 00000000 00:00 0 
7f66418d4000-7f66418d5000 r--s 00008000 08:01 6562012                    /opt/android-studio/jre/jre/lib/ext/sunec.jar
7f66418d5000-7f66418d8000 r--s 00015000 08:01 6562085                    /opt/android-studio/jre/jre/lib/jce.jar
7f66418d8000-7f6641ad8000 rw-p 00000000 00:00 0 
7f6641ad8000-7f6641cd8000 rw-p 00000000 00:00 0 
7f6641cd8000-7f6641ceb000 r--s 00344000 08:01 6561985                    /opt/android-studio/jre/jre/lib/resources.jar
7f6641ceb000-7f6641eeb000 rw-p 00000000 00:00 0 
7f6641eeb000-7f66420eb000 rw-p 00000000 00:00 0 
7f66420eb000-7f66422eb000 rw-p 00000000 00:00 0 
7f66422eb000-7f66424eb000 rw-p 00000000 00:00 0 
7f66424eb000-7f66426eb000 rw-p 00000000 00:00 0 
7f66426eb000-7f6642716000 r--s 001fc000 08:01 7865808                    /opt/android-studio/gradle/m2repository/com/google/guava/guava/18.0/guava-18.0.jar
7f6642716000-7f6642717000 r--s 00001000 08:01 7865920                    /opt/android-studio/gradle/m2repository/com/android/tools/annotations/25.2.3/annotations-25.2.3.jar
7f6642717000-7f664272a000 r--s 000b2000 08:01 7866118                    /opt/android-studio/gradle/m2repository/com/android/tools/external/com-intellij/uast/145.597.4/uast-145.597.4.jar
7f664272a000-7f6642732000 r--s 000a8000 08:01 7865932                    /opt/android-studio/gradle/m2repository/com/android/tools/external/lombok/lombok-ast/0.2.3/lombok-ast-0.2.3.jar
7f6642732000-7f6642734000 r--s 0000d000 08:01 7866051                    /opt/android-studio/gradle/m2repository/commons-codec/commons-codec/1.4/commons-codec-1.4.jar
7f6642734000-7f6642736000 r--s 0000d000 08:01 6692187                    /opt/android-studio/gradle/m2repository/commons-logging/commons-logging/1.1.1/commons-logging-1.1.1.jar
7f6642736000-7f664273b000 r--s 00028000 08:01 7865600                    /opt/android-studio/gradle/m2repository/org/apache/httpcomponents/httpcore/4.1/httpcore-4.1.jar
7f664273b000-7f664273f000 r--s 0002f000 08:01 7865860                    /opt/android-studio/gradle/m2repository/com/google/jimfs/jimfs/1.1/jimfs-1.1.jar
7f664273f000-7f6642740000 r--s 00004000 08:01 7865660                    /opt/android-studio/gradle/m2repository/com/intellij/annotations/12.0/annotations-12.0.jar
7f6642740000-7f6642741000 r--s 00004000 08:01 7865710                    /opt/android-studio/gradle/m2repository/org/ow2/asm/asm-analysis/5.0.4/asm-analysis-5.0.4.jar
7f6642741000-7f6642745000 r--s 0003b000 08:01 7866142                    /opt/android-studio/gradle/m2repository/com/android/tools/lint/lint-api/25.2.3/lint-api-25.2.3.jar
7f6642745000-7f6642746000 r--s 0000a000 08:01 7217871                    /opt/android-studio/gradle/m2repository/net/sf/kxml/kxml2/2.3.0/kxml2-2.3.0.jar
7f6642746000-7f664274e000 r--s 0004e000 08:01 7865611                    /opt/android-studio/gradle/m2repository/org/apache/httpcomponents/httpclient/4.1.1/httpclient-4.1.1.jar
7f664274e000-7f6642755000 r--s 00053000 08:01 7865623                    /opt/android-studio/gradle/m2repository/org/apache/commons/commons-compress/1.8.1/commons-compress-1.8.1.jar
7f6642755000-7f664275a000 r--s 0002a000 08:01 7865693                    /opt/android-studio/gradle/m2repository/com/google/code/gson/gson/2.2.4/gson-2.2.4.jar
7f664275a000-7f664275f000 r--s 0002d000 08:01 7866121                    /opt/android-studio/gradle/m2repository/com/android/tools/repository/25.2.3/repository-25.2.3.jar
7f664275f000-7f664276f000 r--s 000d6000 08:01 7740547                    /opt/android-studio/gradle/m2repository/net/sf/proguard/proguard-base/5.2.1/proguard-base-5.2.1.jar
7f664276f000-7f6642786000 r--s 00154000 08:01 7865761                    /opt/android-studio/gradle/m2repository/org/antlr/antlr4/4.5.3/antlr4-4.5.3.jar
7f6642786000-7f66427b9000 r--s 00203000 08:01 7865564                    /opt/android-studio/gradle/m2repository/org/bouncycastle/bcprov-jdk15on/1.48/bcprov-jdk15on-1.48.jar
7f66427b9000-7f66429b9000 rw-p 00000000 00:00 0 
7f66429b9000-7f66429bc000 ---p 00000000 00:00 0 
7f66429bc000-7f6642cba000 rw-p 00000000 00:00 0                          [stack:12071]
7f6642cba000-7f6642cbc000 r--s 00005000 08:01 7865591                    /opt/android-studio/gradle/m2repository/org/apache/httpcomponents/httpmime/4.1/httpmime-4.1.jar
7f6642cbc000-7f6642cbd000 r--s 00005000 08:01 7866112                    /opt/android-studio/gradle/m2repository/com/android/tools/dvlib/25.2.3/dvlib-25.2.3.jar
7f6642cbd000-7f6642cc0000 r--s 00014000 08:01 7866093                    /opt/android-studio/gradle/m2repository/com/android/tools/layoutlib/layoutlib-api/25.2.3/layoutlib-api-25.2.3.jar
7f6642cc0000-7f6642cc5000 r--s 00058000 08:01 7865454                    /opt/android-studio/gradle/m2repository/org/ow2/asm/asm-debug-all/5.0.1/asm-debug-all-5.0.1.jar
7f6642cc5000-7f6642cc8000 r--s 00033000 08:01 7865667                    /opt/android-studio/gradle/m2repository/com/googlecode/juniversalchardet/juniversalchardet/1.0.3/juniversalchardet-1.0.3.jar
7f6642cc8000-7f6642ccc000 r--s 0002a000 08:01 6560245                    /opt/android-studio/gradle/m2repository/commons-io/commons-io/2.4/commons-io-2.4.jar
7f6642ccc000-7f6642ccd000 r--s 00002000 08:01 7865886                    /opt/android-studio/gradle/m2repository/com/android/databinding/baseLibrary/2.2.3/baseLibrary-2.2.3.jar
7f6642ccd000-7f6642ce0000 r--s 00236000 08:01 7865751                    /opt/android-studio/gradle/m2repository/org/eclipse/jdt/core/compiler/ecj/4.5.1/ecj-4.5.1.jar
7f6642ce0000-7f6642ce7000 r--s 000c3000 08:01 7866129                    /opt/android-studio/gradle/m2repository/com/android/tools/lint/lint-checks/25.2.3/lint-checks-25.2.3.jar
7f6642ce7000-7f6642ce9000 r--s 00006000 08:01 7865717                    /opt/android-studio/gradle/m2repository/org/ow2/asm/asm-tree/5.0.4/asm-tree-5.0.4.jar
7f6642ce9000-7f6642cf7000 r--s 00081000 08:01 7865569                    /opt/android-studio/gradle/m2repository/org/bouncycastle/bcpkix-jdk15on/1.48/bcpkix-jdk15on-1.48.jar
7f6642cf7000-7f6642cf9000 r--s 00002000 08:01 7865675                    /opt/android-studio/gradle/m2repository/com/squareup/javawriter/2.5.0/javawriter-2.5.0.jar
7f6642cf9000-7f6642cfa000 r--s 00002000 08:01 8010893                    /opt/android-studio/gradle/m2repository/com/android/tools/analytics-library/tracker/25.2.3/tracker-25.2.3.jar
7f6642cfa000-7f6642cfc000 r--s 00003000 08:01 8010907                    /opt/android-studio/gradle/m2repository/com/android/tools/analytics-library/shared/25.2.3/shared-25.2.3.jar
7f6642cfc000-7f6642d09000 r--s 000ed000 08:01 8010902                    /opt/android-studio/gradle/m2repository/com/android/tools/analytics-library/protos/25.2.3/protos-25.2.3.jar
7f6642d09000-7f6642d0a000 r--s 00001000 08:01 7865869                    /opt/android-studio/gradle/m2repository/com/android/tools/jill/jill-api/0.10.0/jill-api-0.10.0.jar
7f6642d0a000-7f6642d0c000 r--s 00003000 08:01 8010911                    /opt/android-studio/gradle/m2repository/com/android/tools/jack/jack-api/0.11.0/jack-api-0.11.0.jar
7f6642d0c000-7f6642d11000 r--s 0004a000 08:01 7866102                    /opt/android-studio/gradle/m2repository/com/android/tools/ddms/ddmlib/25.2.3/ddmlib-25.2.3.jar
7f6642d11000-7f6642d14000 r--s 00021000 08:01 7866066                    /opt/android-studio/gradle/m2repository/com/android/tools/build/manifest-merger/25.2.3/manifest-merger-25.2.3.jar
7f6642d14000-7f6642d16000 r--s 0001c000 08:01 7866150                    /opt/android-studio/gradle/m2repository/com/android/tools/common/25.2.3/common-25.2.3.jar
7f6642d16000-7f6642d1e000 r--s 00084000 08:01 7866097                    /opt/android-studio/gradle/m2repository/com/android/tools/sdk-common/25.2.3/sdk-common-25.2.3.jar
7f6642d1e000-7f6642d29000 r--s 0008e000 08:01 7866144                    /opt/android-studio/gradle/m2repository/com/android/tools/sdklib/25.2.3/sdklib-25.2.3.jar
7f6642d29000-7f6642d2a000 r--s 00002000 08:01 7865983                    /opt/android-studio/gradle/m2repository/com/android/tools/build/builder-test-api/2.2.3/builder-test-api-2.2.3.jar
7f6642d2a000-7f6642d2d000 r--s 00005000 08:01 7866078                    /opt/android-studio/gradle/m2repository/com/android/tools/build/builder-model/2.2.3/builder-model-2.2.3.jar
7f6642d2d000-7f6642d35000 r--s 0007b000 08:01 7865830                    /opt/android-studio/gradle/m2repository/com/google/protobuf/protobuf-java/2.5.0/protobuf-java-2.5.0.jar
7f6642d35000-7f6642d37000 r--s 0000f000 08:01 6824053                    /opt/android-studio/gradle/m2repository/net/sf/jopt-simple/jopt-simple/4.9/jopt-simple-4.9.jar
7f6642d37000-7f6642d3b000 r--s 0001f000 08:01 7865788                    /opt/android-studio/gradle/m2repository/org/jacoco/org.jacoco.report/0.7.5.201505241946/org.jacoco.report-0.7.5.201505241946.jar
7f6642d3b000-7f6642d3f000 r--s 0001d000 08:01 7865768                    /opt/android-studio/gradle/m2repository/org/jacoco/org.jacoco.core/0.7.5.201505241946/org.jacoco.core-0.7.5.201505241946.jar
7f6642d3f000-7f6642d40000 r--s 00002000 08:01 7866041                    /opt/android-studio/gradle/m2repository/net/sf/proguard/proguard-gradle/5.2.1/proguard-gradle-5.2.1.jar
7f6642d40000-7f6642d42000 r--s 00009000 08:01 7865720                    /opt/android-studio/gradle/m2repository/org/ow2/asm/asm-commons/5.0.4/asm-commons-5.0.4.jar
7f6642d42000-7f6642d44000 r--s 0000c000 08:01 7865735                    /opt/android-studio/gradle/m2repository/org/ow2/asm/asm/5.0.4/asm-5.0.4.jar
7f6642d44000-7f6642d48000 r--s 0002b000 08:01 7865916                    /opt/android-studio/gradle/m2repository/com/android/databinding/compilerCommon/2.2.3/compilerCommon-2.2.3.jar
7f6642d48000-7f6642d49000 r--s 00002000 08:01 7866001                    /opt/android-studio/gradle/m2repository/com/android/tools/build/gradle-api/2.2.3/gradle-api-2.2.3.jar
7f6642d49000-7f6642d4e000 r--s 00053000 08:01 7866132                    /opt/android-studio/gradle/m2repository/com/android/tools/lint/lint/25.2.3/lint-25.2.3.jar
7f6642d4e000-7f6642d65000 r--s 0015e000 08:01 7865956                    /opt/android-studio/gradle/m2repository/com/android/tools/build/builder/2.2.3/builder-2.2.3.jar
7f6642d65000-7f6642d82000 r--s 0019d000 08:01 7866068                    /opt/android-studio/gradle/m2repository/com/android/tools/build/gradle-core/2.2.3/gradle-core-2.2.3.jar
7f6642d82000-7f6642f82000 rw-p 00000000 00:00 0 
7f6642f82000-7f6643182000 rw-p 00000000 00:00 0 
7f6643182000-7f6643382000 rw-p 00000000 00:00 0 
7f6643382000-7f6643582000 rw-p 00000000 00:00 0 
7f6643582000-7f6643782000 rw-p 00000000 00:00 0 
7f6643782000-7f66437fa000 r--s 010eb000 08:01 6560258                    /opt/android-studio/jre/lib/tools.jar
7f66437fa000-7f66437fd000 ---p 00000000 00:00 0 
7f66437fd000-7f66438fb000 rw-p 00000000 00:00 0                          [stack:12067]
7f66438fb000-7f66438fe000 ---p 00000000 00:00 0 
7f66438fe000-7f66439fc000 rw-p 00000000 00:00 0                          [stack:12066]
7f66439fc000-7f66439ff000 ---p 00000000 00:00 0 
7f66439ff000-7f6643afd000 rw-p 00000000 00:00 0                          [stack:12063]
7f6643afd000-7f6643b00000 ---p 00000000 00:00 0 
7f6643b00000-7f6643bfe000 rw-p 00000000 00:00 0                          [stack:12062]
7f6643bfe000-7f6643c01000 ---p 00000000 00:00 0 
7f6643c01000-7f6643cff000 rw-p 00000000 00:00 0                          [stack:12061]
7f6643cff000-7f6643d02000 ---p 00000000 00:00 0 
7f6643d02000-7f6644000000 rw-p 00000000 00:00 0                          [stack:12060]
7f6644000000-7f664414a000 rw-p 00000000 00:00 0 
7f664414a000-7f6648000000 ---p 00000000 00:00 0 
7f6648000000-7f6648001000 r--s 00000000 08:01 7865822                    /opt/android-studio/gradle/m2repository/com/android/tools/build/transform-api/2.0.0-deprecated-use-gradle-api/transform-api-2.0.0-deprecated-use-gradle-api.jar
7f6648001000-7f6648003000 r--s 0000d000 08:01 7866080                    /opt/android-studio/gradle/m2repository/com/android/tools/build/gradle/2.2.3/gradle-2.2.3.jar
7f6648003000-7f6648006000 ---p 00000000 00:00 0 
7f6648006000-7f664803c000 rw-p 00000000 00:00 0                          [stack:12070]
7f664803c000-7f664803d000 r--p 00000000 00:00 0 
7f664803d000-7f6648040000 ---p 00000000 00:00 0 
7f6648040000-7f664813e000 rw-p 00000000 00:00 0                          [stack:12059]
7f664813e000-7f6648145000 r--s 00000000 08:01 10621143                   /usr/lib/x86_64-linux-gnu/gconv/gconv-modules.cache
7f6648145000-7f6648148000 ---p 00000000 00:00 0 
7f6648148000-7f6648246000 rw-p 00000000 00:00 0                          [stack:12058]
7f6648246000-7f664824f000 r-xp 00000000 08:01 6562063                    /opt/android-studio/jre/jre/lib/amd64/libmanagement.so
7f664824f000-7f664844e000 ---p 00009000 08:01 6562063                    /opt/android-studio/jre/jre/lib/amd64/libmanagement.so
7f664844e000-7f664844f000 r--p 00008000 08:01 6562063                    /opt/android-studio/jre/jre/lib/amd64/libmanagement.so
7f664844f000-7f6648450000 rw-p 00009000 08:01 6562063                    /opt/android-studio/jre/jre/lib/amd64/libmanagement.so
7f6648450000-7f6648454000 r--s 00097000 08:01 6562037                    /opt/android-studio/jre/jre/lib/jsse.jar
7f6648454000-7f6648456000 r--s 00007000 08:01 5512101                    /home/pankaj/.gradle/wrapper/dists/gradle-2.14.1-all/8bnwg5hd3w55iofp58khbp6yv/gradle-2.14.1/lib/plugins/gradle-tooling-api-builders-2.14.1.jar
7f6648456000-7f6648459000 r--s 00008000 08:01 5512094                    /home/pankaj/.gradle/wrapper/dists/gradle-2.14.1-all/8bnwg5hd3w55iofp58khbp6yv/gradle-2.14.1/lib/plugins/gradle-testing-native-2.14.1.jar
7f6648459000-7f664845b000 r--s 00009000 08:01 5512173                    /home/pankaj/.gradle/wrapper/dists/gradle-2.14.1-all/8bnwg5hd3w55iofp58khbp6yv/gradle-2.14.1/lib/plugins/hamcrest-core-1.3.jar
7f664845b000-7f6648461000 r--s 00033000 08:01 5512167                    /home/pankaj/.gradle/wrapper/dists/gradle-2.14.1-all/8bnwg5hd3w55iofp58khbp6yv/gradle-2.14.1/lib/plugins/snakeyaml-1.6.jar
7f6648461000-7f6648463000 r--s 00006000 08:01 5512166                    /home/pankaj/.gradle/wrapper/dists/gradle-2.14.1-all/8bnwg5hd3w55iofp58khbp6yv/gradle-2.14.1/lib/plugins/jcommander-1.12.jar
7f6648463000-7f6648468000 r--s 00040000 08:01 5512165                    /home/pankaj/.gradle/wrapper/dists/gradle-2.14.1-all/8bnwg5hd3w55iofp58khbp6yv/gradle-2.14.1/lib/plugins/bsh-2.0b4.jar
7f6648468000-7f6648471000 r--s 00089000 08:01 5512124                    /home/pankaj/.gradle/wrapper/dists/gradle-2.14.1-all/8bnwg5hd3w55iofp58khbp6yv/gradle-2.14.1/lib/plugins/testng-6.3.1.jar
7f6648471000-7f6648479000 r--s 00045000 08:01 5512123                    /home/pankaj/.gradle/wrapper/dists/gradle-2.14.1-all/8bnwg5hd3w55iofp58khbp6yv/gradle-2.14.1/lib/plugins/junit-4.12.jar
7f6648479000-7f664847f000 r--s 0002e000 08:01 5512095                    /home/pankaj/.gradle/wrapper/dists/gradle-2.14.1-all/8bnwg5hd3w55iofp58khbp6yv/gradle-2.14.1/lib/plugins/gradle-testing-jvm-2.14.1.jar
7f664847f000-7f6648484000 r--s 00015000 08:01 5512093                    /home/pankaj/.gradle/wrapper/dists/gradle-2.14.1-all/8bnwg5hd3w55iofp58khbp6yv/gradle-2.14.1/lib/plugins/gradle-testing-base-2.14.1.jar
7f6648484000-7f6648485000 r--s 00002000 08:01 5512117                    /home/pankaj/.gradle/wrapper/dists/gradle-2.14.1-all/8bnwg5hd3w55iofp58khbp6yv/gradle-2.14.1/lib/plugins/sonar-batch-bootstrapper-2.9.jar
7f6648485000-7f6648488000 r--s 00015000 08:01 5512063                    /home/pankaj/.gradle/wrapper/dists/gradle-2.14.1-all/8bnwg5hd3w55iofp58khbp6yv/gradle-2.14.1/lib/plugins/gradle-sonar-2.14.1.jar
7f6648488000-7f664848f000 r--s 00038000 08:01 5512118                    /home/pankaj/.gradle/wrapper/dists/gradle-2.14.1-all/8bnwg5hd3w55iofp58khbp6yv/gradle-2.14.1/lib/plugins/bcpg-jdk15on-1.51.jar
7f664848f000-7f6648491000 r--s 0000d000 08:01 5512064                    /home/pankaj/.gradle/wrapper/dists/gradle-2.14.1-all/8bnwg5hd3w55iofp58khbp6yv/gradle-2.14.1/lib/plugins/gradle-signing-2.14.1.jar
7f6648491000-7f6648494000 r--s 00009000 08:01 5512058                    /home/pankaj/.gradle/wrapper/dists/gradle-2.14.1-all/8bnwg5hd3w55iofp58khbp6yv/gradle-2.14.1/lib/plugins/gradle-scala-2.14.1.jar
7f6648494000-7f6648495000 r--s 00004000 08:01 5512099                    /home/pankaj/.gradle/wrapper/dists/gradle-2.14.1-all/8bnwg5hd3w55iofp58khbp6yv/gradle-2.14.1/lib/plugins/gradle-resources-sftp-2.14.1.jar
7f6648495000-7f66484a5000 r--s 00088000 08:01 5512134                    /home/pankaj/.gradle/wrapper/dists/gradle-2.14.1-all/8bnwg5hd3w55iofp58khbp6yv/gradle-2.14.1/lib/plugins/joda-time-2.8.2.jar
7f66484a5000-7f66484b6000 r--s 000cf000 08:01 5512133                    /home/pankaj/.gradle/wrapper/dists/gradle-2.14.1-all/8bnwg5hd3w55iofp58khbp6yv/gradle-2.14.1/lib/plugins/jackson-databind-2.3.2.jar
7f66484b6000-7f66484b8000 r--s 00007000 08:01 5512132                    /home/pankaj/.gradle/wrapper/dists/gradle-2.14.1-all/8bnwg5hd3w55iofp58khbp6yv/gradle-2.14.1/lib/plugins/jackson-annotations-2.3.2.jar
7f66484b8000-7f66484bb000 r--s 0002e000 08:01 5512131                    /home/pankaj/.gradle/wrapper/dists/gradle-2.14.1-all/8bnwg5hd3w55iofp58khbp6yv/gradle-2.14.1/lib/plugins/jackson-core-2.3.2.jar
7f66484bb000-7f66484c6000 r--s 0006b000 08:01 5512130                    /home/pankaj/.gradle/wrapper/dists/gradle-2.14.1-all/8bnwg5hd3w55iofp58khbp6yv/gradle-2.14.1/lib/plugins/aws-java-sdk-core-1.9.19.jar
7f66484c6000-7f66484cc000 r--s 00036000 08:01 5512129                    /home/pankaj/.gradle/wrapper/dists/gradle-2.14.1-all/8bnwg5hd3w55iofp58khbp6yv/gradle-2.14.1/lib/plugins/aws-java-sdk-kms-1.9.19.jar
7f66484cc000-7f66484d7000 r--s 00079000 08:01 5512128                    /home/pankaj/.gradle/wrapper/dists/gradle-2.14.1-all/8bnwg5hd3w55iofp58khbp6yv/gradle-2.14.1/lib/plugins/aws-java-sdk-s3-1.9.19.jar
7f66484d7000-7f66484d8000 r--s 00003000 08:01 5512100                    /home/pankaj/.gradle/wrapper/dists/gradle-2.14.1-all/8bnwg5hd3w55iofp58khbp6yv/gradle-2.14.1/lib/plugins/gradle-resources-s3-2.14.1.jar
7f66484d8000-7f66484da000 r--s 00005000 08:01 5512122                    /home/pankaj/.gradle/wrapper/dists/gradle-2.14.1-all/8bnwg5hd3w55iofp58khbp6yv/gradle-2.14.1/lib/plugins/jatl-0.2.2.jar
7f66484da000-7f66484dc000 r--s 0000f000 08:01 5512069                    /home/pankaj/.gradle/wrapper/dists/gradle-2.14.1-all/8bnwg5hd3w55iofp58khbp6yv/gradle-2.14.1/lib/plugins/gradle-reporting-2.14.1.jar
7f66484dc000-7f66484de000 r--s 00002000 08:01 5512070                    /home/pankaj/.gradle/wrapper/dists/gradle-2.14.1-all/8bnwg5hd3w55iofp58khbp6yv/gradle-2.14.1/lib/plugins/gradle-publish-2.14.1.jar
7f66484de000-7f66484e0000 r--s 00009000 08:01 5512104                    /home/pankaj/.gradle/wrapper/dists/gradle-2.14.1-all/8bnwg5hd3w55iofp58khbp6yv/gradle-2.14.1/lib/plugins/commons-cli-1.2.jar
7f66484e0000-7f66484e6000 r--s 00033000 08:01 5510875                    /home/pankaj/.gradle/wrapper/dists/gradle-2.14.1-all/8bnwg5hd3w55iofp58khbp6yv/gradle-2.14.1/lib/plugins/gradle-plugins-2.14.1.jar
7f66484e6000-7f66484e8000 r--s 00007000 08:01 5512096                    /home/pankaj/.gradle/wrapper/dists/gradle-2.14.1-all/8bnwg5hd3w55iofp58khbp6yv/gradle-2.14.1/lib/plugins/gradle-plugin-development-2.14.1.jar
7f66484e8000-7f66484ee000 r--s 0002a000 08:01 5512087                    /home/pankaj/.gradle/wrapper/dists/gradle-2.14.1-all/8bnwg5hd3w55iofp58khbp6yv/gradle-2.14.1/lib/plugins/gradle-platform-play-2.14.1.jar
7f66484ee000-7f66484fb000 r--s 0004d000 08:01 5512086                    /home/pankaj/.gradle/wrapper/dists/gradle-2.14.1-all/8bnwg5hd3w55iofp58khbp6yv/gradle-2.14.1/lib/plugins/gradle-platform-native-2.14.1.jar
7f66484fb000-7f66484ff000 r--s 0001a000 08:01 5512081                    /home/pankaj/.gradle/wrapper/dists/gradle-2.14.1-all/8bnwg5hd3w55iofp58khbp6yv/gradle-2.14.1/lib/plugins/gradle-platform-jvm-2.14.1.jar
7f66484ff000-7f6648506000 r--s 00029000 08:01 5512080                    /home/pankaj/.gradle/wrapper/dists/gradle-2.14.1-all/8bnwg5hd3w55iofp58khbp6yv/gradle-2.14.1/lib/plugins/gradle-platform-base-2.14.1.jar
7f6648506000-7f6648527000 r--s 001c3000 08:01 5512112                    /home/pankaj/.gradle/wrapper/dists/gradle-2.14.1-all/8bnwg5hd3w55iofp58khbp6yv/gradle-2.14.1/lib/plugins/bndlib-2.4.0.jar
7f6648527000-7f6648529000 r--s 00003000 08:01 5510948                    /home/pankaj/.gradle/wrapper/dists/gradle-2.14.1-all/8bnwg5hd3w55iofp58khbp6yv/gradle-2.14.1/lib/plugins/gradle-osgi-2.14.1.jar
7f6648529000-7f664852c000 r--s 0000c000 08:01 5512115                    /home/pankaj/.gradle/wrapper/dists/gradle-2.14.1-all/8bnwg5hd3w55iofp58khbp6yv/gradle-2.14.1/lib/plugins/pmaven-groovy-0.8-20100325.jar
7f664852c000-7f664852d000 r--s 00004000 08:01 5512114                    /home/pankaj/.gradle/wrapper/dists/gradle-2.14.1-all/8bnwg5hd3w55iofp58khbp6yv/gradle-2.14.1/lib/plugins/pmaven-common-0.8-20100325.jar
7f664852d000-7f6648533000 r--s 00022000 08:01 5512053                    /home/pankaj/.gradle/wrapper/dists/gradle-2.14.1-all/8bnwg5hd3w55iofp58khbp6yv/gradle-2.14.1/lib/plugins/gradle-maven-2.14.1.jar
7f6648533000-7f6648535000 r--s 0000a000 08:01 5512085                    /home/pankaj/.gradle/wrapper/dists/gradle-2.14.1-all/8bnwg5hd3w55iofp58khbp6yv/gradle-2.14.1/lib/plugins/gradle-language-scala-2.14.1.jar
7f6648535000-7f664853b000 r--s 0001a000 08:01 5512090                    /home/pankaj/.gradle/wrapper/dists/gradle-2.14.1-all/8bnwg5hd3w55iofp58khbp6yv/gradle-2.14.1/lib/plugins/gradle-language-native-2.14.1.jar
7f664853b000-7f664853d000 r--s 00008000 08:01 5512082                    /home/pankaj/.gradle/wrapper/dists/gradle-2.14.1-all/8bnwg5hd3w55iofp58khbp6yv/gradle-2.14.1/lib/plugins/gradle-language-jvm-2.14.1.jar
7f664853d000-7f6648543000 r--s 00024000 08:01 5512083                    /home/pankaj/.gradle/wrapper/dists/gradle-2.14.1-all/8bnwg5hd3w55iofp58khbp6yv/gradle-2.14.1/lib/plugins/gradle-language-java-2.14.1.jar
7f6648543000-7f6648545000 r--s 0000a000 08:01 5512084                    /home/pankaj/.gradle/wrapper/dists/gradle-2.14.1-all/8bnwg5hd3w55iofp58khbp6yv/gradle-2.14.1/lib/plugins/gradle-language-groovy-2.14.1.jar
7f6648545000-7f6648548000 r--s 0001e000 08:01 5512140                    /home/pankaj/.gradle/wrapper/dists/gradle-2.14.1-all/8bnwg5hd3w55iofp58khbp6yv/gradle-2.14.1/lib/plugins/jsp-api-2.1-6.1.14.jar
7f6648548000-7f664856b000 r--s 00344000 08:01 5512139                    /home/pankaj/.gradle/wrapper/dists/gradle-2.14.1-all/8bnwg5hd3w55iofp58khbp6yv/gradle-2.14.1/lib/plugins/core-3.1.1.jar
7f664856b000-7f664856c000 r--s 00006000 08:01 5512138                    /home/pankaj/.gradle/wrapper/dists/gradle-2.14.1-all/8bnwg5hd3w55iofp58khbp6yv/gradle-2.14.1/lib/plugins/jetty-naming-6.1.25.jar
7f664856c000-7f664856d000 r--s 00002000 08:01 5512111                    /home/pankaj/.gradle/wrapper/dists/gradle-2.14.1-all/8bnwg5hd3w55iofp58khbp6yv/gradle-2.14.1/lib/plugins/geronimo-annotation_1.0_spec-1.0.jar
7f664856d000-7f664856f000 r--s 00002000 08:01 5512110                    /home/pankaj/.gradle/wrapper/dists/gradle-2.14.1-all/8bnwg5hd3w55iofp58khbp6yv/gradle-2.14.1/lib/plugins/jetty-annotations-6.1.25.jar
7f664856f000-7f6648580000 r--s 000ea000 08:01 5512109                    /home/pankaj/.gradle/wrapper/dists/gradle-2.14.1-all/8bnwg5hd3w55iofp58khbp6yv/gradle-2.14.1/lib/plugins/jsp-2.1-6.1.14.jar
7f6648580000-7f6648582000 r--s 0000d000 08:01 5512108                    /home/pankaj/.gradle/wrapper/dists/gradle-2.14.1-all/8bnwg5hd3w55iofp58khbp6yv/gradle-2.14.1/lib/plugins/jetty-plus-6.1.25.jar
7f6648582000-7f6648584000 r--s 0001f000 08:01 5512107                    /home/pankaj/.gradle/wrapper/dists/gradle-2.14.1-all/8bnwg5hd3w55iofp58khbp6yv/gradle-2.14.1/lib/plugins/servlet-api-2.5-20081211.jar
7f6648584000-7f6648588000 r--s 00028000 08:01 5512106                    /home/pankaj/.gradle/wrapper/dists/gradle-2.14.1-all/8bnwg5hd3w55iofp58khbp6yv/gradle-2.14.1/lib/plugins/jetty-util-6.1.25.jar
7f6648588000-7f664858f000 r--s 0007d000 08:01 5512105                    /home/pankaj/.gradle/wrapper/dists/gradle-2.14.1-all/8bnwg5hd3w55iofp58khbp6yv/gradle-2.14.1/lib/plugins/jetty-6.1.25.jar
7f664858f000-7f6648591000 r--s 00009000 08:01 5510896                    /home/pankaj/.gradle/wrapper/dists/gradle-2.14.1-all/8bnwg5hd3w55iofp58khbp6yv/gradle-2.14.1/lib/plugins/gradle-jetty-2.14.1.jar
7f6648591000-7f6648598000 r--s 00035000 08:01 5512121                    /home/pankaj/.gradle/wrapper/dists/gradle-2.14.1-all/8bnwg5hd3w55iofp58khbp6yv/gradle-2.14.1/lib/plugins/simple-4.1.21.jar
7f6648598000-7f66485a4000 r--s 00100000 08:01 5512119                    /home/pankaj/.gradle/wrapper/dists/gradle-2.14.1-all/8bnwg5hd3w55iofp58khbp6yv/gradle-2.14.1/lib/plugins/rhino-1.7R3.jar
7f66485a4000-7f66485a8000 r--s 00011000 08:01 5512066                    /home/pankaj/.gradle/wrapper/dists/gradle-2.14.1-all/8bnwg5hd3w55iofp58khbp6yv/gradle-2.14.1/lib/plugins/gradle-javascript-2.14.1.jar
7f66485a8000-7f66485aa000 r--s 0000c000 08:01 5512073                    /home/pankaj/.gradle/wrapper/dists/gradle-2.14.1-all/8bnwg5hd3w55iofp58khbp6yv/gradle-2.14.1/lib/plugins/gradle-jacoco-2.14.1.jar
7f66485aa000-7f66485ad000 r--s 0000e000 08:01 5512071                    /home/pankaj/.gradle/wrapper/dists/gradle-2.14.1-all/8bnwg5hd3w55iofp58khbp6yv/gradle-2.14.1/lib/plugins/gradle-ivy-2.14.1.jar
7f66485ad000-7f66485ae000 r--s 00002000 08:01 5512088                    /home/pankaj/.gradle/wrapper/dists/gradle-2.14.1-all/8bnwg5hd3w55iofp58khbp6yv/gradle-2.14.1/lib/plugins/gradle-ide-play-2.14.1.jar
7f66485ae000-7f66485b3000 r--s 0002b000 08:01 5512091                    /home/pankaj/.gradle/wrapper/dists/gradle-2.14.1-all/8bnwg5hd3w55iofp58khbp6yv/gradle-2.14.1/lib/plugins/gradle-ide-native-2.14.1.jar
7f66485b3000-7f66485be000 r--s 00066000 08:01 5512056                    /home/pankaj/.gradle/wrapper/dists/gradle-2.14.1-all/8bnwg5hd3w55iofp58khbp6yv/gradle-2.14.1/lib/plugins/gradle-ide-2.14.1.jar
7f66485be000-7f66485bf000 r--s 00008000 08:01 5512065                    /home/pankaj/.gradle/wrapper/dists/gradle-2.14.1-all/8bnwg5hd3w55iofp58khbp6yv/gradle-2.14.1/lib/plugins/gradle-ear-2.14.1.jar
7f66485bf000-7f66485c5000 r--s 00032000 08:01 5512068                    /home/pankaj/.gradle/wrapper/dists/gradle-2.14.1-all/8bnwg5hd3w55iofp58khbp6yv/gradle-2.14.1/lib/plugins/gradle-diagnostics-2.14.1.jar
7f66485c5000-7f66485c9000 r--s 00021000 08:01 5510895                    /home/pankaj/.gradle/wrapper/dists/gradle-2.14.1-all/8bnwg5hd3w55iofp58khbp6yv/gradle-2.14.1/lib/plugins/gradle-code-quality-2.14.1.jar
7f66485c9000-7f66485cd000 r--s 0001f000 08:01 5512079                    /home/pankaj/.gradle/wrapper/dists/gradle-2.14.1-all/8bnwg5hd3w55iofp58khbp6yv/gradle-2.14.1/lib/plugins/gradle-build-init-2.14.1.jar
7f66485cd000-7f66485d4000 r--s 0008e000 08:01 5512067                    /home/pankaj/.gradle/wrapper/dists/gradle-2.14.1-all/8bnwg5hd3w55iofp58khbp6yv/gradle-2.14.1/lib/plugins/gradle-build-comparison-2.14.1.jar
7f66485d4000-7f66485d6000 r--s 00008000 08:01 5510900                    /home/pankaj/.gradle/wrapper/dists/gradle-2.14.1-all/8bnwg5hd3w55iofp58khbp6yv/gradle-2.14.1/lib/plugins/gradle-antlr-2.14.1.jar
7f66485d6000-7f66485d8000 r--s 00004000 08:01 5512057                    /home/pankaj/.gradle/wrapper/dists/gradle-2.14.1-all/8bnwg5hd3w55iofp58khbp6yv/gradle-2.14.1/lib/plugins/gradle-announce-2.14.1.jar
7f66485d8000-7f66485f0000 r--s 00115000 08:01 5512170                    /home/pankaj/.gradle/wrapper/dists/gradle-2.14.1-all/8bnwg5hd3w55iofp58khbp6yv/gradle-2.14.1/lib/plugins/xercesImpl-2.9.1.jar
7f66485f0000-7f66485f8000 r--s 00028000 08:01 5512171                    /home/pankaj/.gradle/wrapper/dists/gradle-2.14.1-all/8bnwg5hd3w55iofp58khbp6yv/gradle-2.14.1/lib/plugins/xml-apis-1.3.04.jar
7f66485f8000-7f66485fe000 r--s 0005b000 08:01 5512169                    /home/pankaj/.gradle/wrapper/dists/gradle-2.14.1-all/8bnwg5hd3w55iofp58khbp6yv/gradle-2.14.1/lib/plugins/jcifs-1.3.17.jar
7f66485fe000-7f6648605000 r--s 00049000 08:01 5512168                    /home/pankaj/.gradle/wrapper/dists/gradle-2.14.1-all/8bnwg5hd3w55iofp58khbp6yv/gradle-2.14.1/lib/plugins/httpcore-4.4.4.jar
7f6648605000-7f664860b000 r--s 00033000 08:01 5512116                    /home/pankaj/.gradle/wrapper/dists/gradle-2.14.1-all/8bnwg5hd3w55iofp58khbp6yv/gradle-2.14.1/lib/plugins/commons-codec-1.6.jar
7f664860b000-7f664860e000 r--s 0001c000 08:01 5512126                    /home/pankaj/.gradle/wrapper/dists/gradle-2.14.1-all/8bnwg5hd3w55iofp58khbp6yv/gradle-2.14.1/lib/plugins/nekohtml-1.9.14.jar
7f664860e000-7f664861b000 r--s 000a4000 08:01 5512125                    /home/pankaj/.gradle/wrapper/dists/gradle-2.14.1-all/8bnwg5hd3w55iofp58khbp6yv/gradle-2.14.1/lib/plugins/httpclient-4.4.1.jar
7f664861b000-7f664861d000 r--s 0000a000 08:01 5512098                    /home/pankaj/.gradle/wrapper/dists/gradle-2.14.1-all/8bnwg5hd3w55iofp58khbp6yv/gradle-2.14.1/lib/plugins/gradle-resources-http-2.14.1.jar
7f664861d000-7f6648621000 r--s 00014000 08:01 5512097                    /home/pankaj/.gradle/wrapper/dists/gradle-2.14.1-all/8bnwg5hd3w55iofp58khbp6yv/gradle-2.14.1/lib/plugins/gradle-plugin-use-2.14.1.jar
7f6648621000-7f6648622000 r--s 00000000 08:01 5250771                    /home/pankaj/.gradle/wrapper/dists/gradle-2.14.1-all/8bnwg5hd3w55iofp58khbp6yv/gradle-2.14.1/lib/gradle-installation-beacon-2.14.1.jar
7f6648622000-7f6648623000 r--s 00007000 08:01 5512164                    /home/pankaj/.gradle/wrapper/dists/gradle-2.14.1-all/8bnwg5hd3w55iofp58khbp6yv/gradle-2.14.1/lib/plugins/wagon-http-shared4-2.4.jar
7f6648623000-7f6648627000 r--s 00033000 08:01 5512163                    /home/pankaj/.gradle/wrapper/dists/gradle-2.14.1-all/8bnwg5hd3w55iofp58khbp6yv/gradle-2.14.1/lib/plugins/plexus-utils-2.0.6.jar
7f6648627000-7f664862b000 r--s 00021000 08:01 5512162                    /home/pankaj/.gradle/wrapper/dists/gradle-2.14.1-all/8bnwg5hd3w55iofp58khbp6yv/gradle-2.14.1/lib/plugins/maven-model-builder-3.0.4.jar
7f664862b000-7f664862c000 r--s 00002000 08:01 5512161                    /home/pankaj/.gradle/wrapper/dists/gradle-2.14.1-all/8bnwg5hd3w55iofp58khbp6yv/gradle-2.14.1/lib/plugins/wagon-file-2.4.jar
7f664862c000-7f664862e000 r--s 00002000 08:01 5512160                    /home/pankaj/.gradle/wrapper/dists/gradle-2.14.1-all/8bnwg5hd3w55iofp58khbp6yv/gradle-2.14.1/lib/plugins/plexus-cipher-1.7.jar
7f664862e000-7f6648631000 r--s 00013000 08:01 5512159                    /home/pankaj/.gradle/wrapper/dists/gradle-2.14.1-all/8bnwg5hd3w55iofp58khbp6yv/gradle-2.14.1/lib/plugins/aether-api-1.13.1.jar
7f6648631000-7f6648633000 r--s 0000a000 08:01 5512158                    /home/pankaj/.gradle/wrapper/dists/gradle-2.14.1-all/8bnwg5hd3w55iofp58khbp6yv/gradle-2.14.1/lib/plugins/maven-settings-3.0.4.jar
7f6648633000-7f6648635000 r--s 0000d000 08:01 5512157                    /home/pankaj/.gradle/wrapper/dists/gradle-2.14.1-all/8bnwg5hd3w55iofp58khbp6yv/gradle-2.14.1/lib/plugins/plexus-interpolation-1.14.jar
7f6648635000-7f6648637000 r--s 0000b000 08:01 5512156                    /home/pankaj/.gradle/wrapper/dists/gradle-2.14.1-all/8bnwg5hd3w55iofp58khbp6yv/gradle-2.14.1/lib/plugins/maven-artifact-3.0.4.jar
7f6648637000-7f664863e000 r--s 0002e000 08:01 5512155                    /home/pankaj/.gradle/wrapper/dists/gradle-2.14.1-all/8bnwg5hd3w55iofp58khbp6yv/gradle-2.14.1/lib/plugins/plexus-container-default-1.5.5.jar
7f664863e000-7f6648640000 r--s 0000b000 08:01 5512154                    /home/pankaj/.gradle/wrapper/dists/gradle-2.14.1-all/8bnwg5hd3w55iofp58khbp6yv/gradle-2.14.1/lib/plugins/maven-plugin-api-3.0.4.jar
7f6648640000-7f6648642000 r--s 00000000 08:01 5512172                    /home/pankaj/.gradle/wrapper/dists/gradle-2.14.1-all/8bnwg5hd3w55iofp58khbp6yv/gradle-2.14.1/lib/plugins/plexus-component-annotations-1.5.5.jar
7f6648642000-7f6648648000 r--s 0003f000 08:01 5512153                    /home/pankaj/.gradle/wrapper/dists/gradle-2.14.1-all/8bnwg5hd3w55iofp58khbp6yv/gradle-2.14.1/lib/plugins/maven-compat-3.0.4.jar
7f6648648000-7f664864b000 r--s 00008000 08:01 5512152                    /home/pankaj/.gradle/wrapper/dists/gradle-2.14.1-all/8bnwg5hd3w55iofp58khbp6yv/gradle-2.14.1/lib/plugins/maven-settings-builder-3.0.4.jar
7f664864b000-7f664864c000 r--s 00002000 08:01 5512151                    /home/pankaj/.gradle/wrapper/dists/gradle-2.14.1-all/8bnwg5hd3w55iofp58khbp6yv/gradle-2.14.1/lib/plugins/wagon-http-2.4.jar
7f664864c000-7f664864e000 r--s 00026000 08:01 5512150                    /home/pankaj/.gradle/wrapper/dists/gradle-2.14.1-all/8bnwg5hd3w55iofp58khbp6yv/gradle-2.14.1/lib/plugins/maven-model-3.0.4.jar
7f664864e000-7f6648650000 r--s 00006000 08:01 5512149                    /home/pankaj/.gradle/wrapper/dists/gradle-2.14.1-all/8bnwg5hd3w55iofp58khbp6yv/gradle-2.14.1/lib/plugins/aether-connector-wagon-1.13.1.jar
7f6648650000-7f6648652000 r--s 0000a000 08:01 5512148                    /home/pankaj/.gradle/wrapper/dists/gradle-2.14.1-all/8bnwg5hd3w55iofp58khbp6yv/gradle-2.14.1/lib/plugins/plexus-classworlds-2.4.jar
7f6648652000-7f6648654000 r--s 00006000 08:01 5512147                    /home/pankaj/.gradle/wrapper/dists/gradle-2.14.1-all/8bnwg5hd3w55iofp58khbp6yv/gradle-2.14.1/lib/plugins/maven-repository-metadata-3.0.4.jar
7f6648654000-7f6648656000 r--s 0000c000 08:01 5512146                    /home/pankaj/.gradle/wrapper/dists/gradle-2.14.1-all/8bnwg5hd3w55iofp58khbp6yv/gradle-2.14.1/lib/plugins/maven-aether-provider-3.0.4.jar
7f6648656000-7f664865a000 r--s 0001c000 08:01 5512143                    /home/pankaj/.gradle/wrapper/dists/gradle-2.14.1-all/8bnwg5hd3w55iofp58khbp6yv/gradle-2.14.1/lib/plugins/aether-util-1.13.1.jar
7f664865a000-7f664865d000 r--s 0001d000 08:01 5512142                    /home/pankaj/.gradle/wrapper/dists/gradle-2.14.1-all/8bnwg5hd3w55iofp58khbp6yv/gradle-2.14.1/lib/plugins/aether-impl-1.13.1.jar
7f664865d000-7f6648662000 r--s 00040000 08:01 5512127                    /home/pankaj/.gradle/wrapper/dists/gradle-2.14.1-all/8bnwg5hd3w55iofp58khbp6yv/gradle-2.14.1/lib/plugins/jsch-0.1.53.jar
7f6648662000-7f66486a2000 r--s 00277000 08:01 5512137                    /home/pankaj/.gradle/wrapper/dists/gradle-2.14.1-all/8bnwg5hd3w55iofp58khbp6yv/gradle-2.14.1/lib/plugins/bcprov-jdk15on-1.51.jar
7f66486a2000-7f66486a6000 r--s 0001d000 08:01 5512136                    /home/pankaj/.gradle/wrapper/dists/gradle-2.14.1-all/8bnwg5hd3w55iofp58khbp6yv/gradle-2.14.1/lib/plugins/xbean-reflect-3.4.jar
7f66486a6000-7f66486b2000 r--s 0007d000 08:01 5512113                    /home/pankaj/.gradle/wrapper/dists/gradle-2.14.1-all/8bnwg5hd3w55iofp58khbp6yv/gradle-2.14.1/lib/plugins/maven-core-3.0.4.jar
7f66486b2000-7f66486c8000 r-xp 00000000 08:01 14155781                   /lib/x86_64-linux-gnu/libgcc_s.so.1
7f66486c8000-7f66488c7000 ---p 00016000 08:01 14155781                   /lib/x86_64-linux-gnu/libgcc_s.so.1
7f66488c7000-7f66488c8000 rw-p 00015000 08:01 14155781                   /lib/x86_64-linux-gnu/libgcc_s.so.1
7f66488c8000-7f66489ae000 r-xp 00000000 08:01 10226359                   /usr/lib/x86_64-linux-gnu/libstdc++.so.6.0.19
7f66489ae000-7f6648bad000 ---p 000e6000 08:01 10226359                   /usr/lib/x86_64-linux-gnu/libstdc++.so.6.0.19
7f6648bad000-7f6648bb5000 r--p 000e5000 08:01 10226359                   /usr/lib/x86_64-linux-gnu/libstdc++.so.6.0.19
7f6648bb5000-7f6648bb7000 rw-p 000ed000 08:01 10226359                   /usr/lib/x86_64-linux-gnu/libstdc++.so.6.0.19
7f6648bb7000-7f6648bcc000 rw-p 00000000 00:00 0 
7f6648bcc000-7f6648bce000 r--s 0000b000 08:01 5512145                    /home/pankaj/.gradle/wrapper/dists/gradle-2.14.1-all/8bnwg5hd3w55iofp58khbp6yv/gradle-2.14.1/lib/plugins/wagon-provider-api-2.4.jar
7f6648bce000-7f6648bea000 r--s 000d3000 08:01 5512102                    /home/pankaj/.gradle/wrapper/dists/gradle-2.14.1-all/8bnwg5hd3w55iofp58khbp6yv/gradle-2.14.1/lib/plugins/gradle-dependency-management-2.14.1.jar
7f6648bea000-7f6648bee000 r-xp 00000000 08:01 4907                       /home/pankaj/.gradle/native/19/linux-amd64/libnative-platform.so
7f6648bee000-7f6648ded000 ---p 00004000 08:01 4907                       /home/pankaj/.gradle/native/19/linux-amd64/libnative-platform.so
7f6648ded000-7f6648dee000 rw-p 00003000 08:01 4907                       /home/pankaj/.gradle/native/19/linux-amd64/libnative-platform.so
7f6648dee000-7f6648dff000 r-xp 00000000 08:01 6562051                    /opt/android-studio/jre/jre/lib/amd64/libnio.so
7f6648dff000-7f6648ffe000 ---p 00011000 08:01 6562051                    /opt/android-studio/jre/jre/lib/amd64/libnio.so
7f6648ffe000-7f6648fff000 r--p 00010000 08:01 6562051                    /opt/android-studio/jre/jre/lib/amd64/libnio.so
7f6648fff000-7f6649000000 rw-p 00011000 08:01 6562051                    /opt/android-studio/jre/jre/lib/amd64/libnio.so
7f6649000000-7f664c000000 rw-p 00000000 00:00 0 
7f664c000000-7f664c147000 rw-p 00000000 00:00 0 
7f664c147000-7f6650000000 ---p 00000000 00:00 0 
7f6650000000-7f6650001000 r--s 00003000 08:01 5512144                    /home/pankaj/.gradle/wrapper/dists/gradle-2.14.1-all/8bnwg5hd3w55iofp58khbp6yv/gradle-2.14.1/lib/plugins/aether-spi-1.13.1.jar
7f6650001000-7f6650002000 r--s 00006000 08:01 5512141                    /home/pankaj/.gradle/wrapper/dists/gradle-2.14.1-all/8bnwg5hd3w55iofp58khbp6yv/gradle-2.14.1/lib/plugins/plexus-sec-dispatcher-1.3.jar
7f6650002000-7f6650007000 r--s 0002a000 08:01 5512120                    /home/pankaj/.gradle/wrapper/dists/gradle-2.14.1-all/8bnwg5hd3w55iofp58khbp6yv/gradle-2.14.1/lib/plugins/gson-2.2.4.jar
7f6650007000-7f6650016000 r--s 000d9000 08:01 5512135                    /home/pankaj/.gradle/wrapper/dists/gradle-2.14.1-all/8bnwg5hd3w55iofp58khbp6yv/gradle-2.14.1/lib/plugins/ivy-2.2.0.jar
7f6650016000-7f665002d000 r-xp 00000000 08:01 6562049                    /opt/android-studio/jre/jre/lib/amd64/libnet.so
7f665002d000-7f665022c000 ---p 00017000 08:01 6562049                    /opt/android-studio/jre/jre/lib/amd64/libnet.so
7f665022c000-7f665022d000 r--p 00016000 08:01 6562049                    /opt/android-studio/jre/jre/lib/amd64/libnet.so
7f665022d000-7f665022e000 rw-p 00017000 08:01 6562049                    /opt/android-studio/jre/jre/lib/amd64/libnet.so
7f665022e000-7f6650230000 r--s 00005000 08:01 5250754                    /home/pankaj/.gradle/wrapper/dists/gradle-2.14.1-all/8bnwg5hd3w55iofp58khbp6yv/gradle-2.14.1/lib/gradle-wrapper-2.14.1.jar
7f6650230000-7f665023e000 r--s 0004f000 08:01 5250809                    /home/pankaj/.gradle/wrapper/dists/gradle-2.14.1-all/8bnwg5hd3w55iofp58khbp6yv/gradle-2.14.1/lib/gradle-tooling-api-2.14.1.jar
7f665023e000-7f6650240000 r--s 00002000 08:01 5251058                    /home/pankaj/.gradle/wrapper/dists/gradle-2.14.1-all/8bnwg5hd3w55iofp58khbp6yv/gradle-2.14.1/lib/gradle-open-api-2.14.1.jar
7f6650240000-7f6650246000 r--s 00032000 08:01 5251087                    /home/pankaj/.gradle/wrapper/dists/gradle-2.14.1-all/8bnwg5hd3w55iofp58khbp6yv/gradle-2.14.1/lib/jaxen-1.1.jar
7f6650246000-7f665024b000 r--s 00048000 08:01 5251070                    /home/pankaj/.gradle/wrapper/dists/gradle-2.14.1-all/8bnwg5hd3w55iofp58khbp6yv/gradle-2.14.1/lib/dom4j-1.6.1.jar
7f665024b000-7f6650256000 r--s 00059000 08:01 5250795                    /home/pankaj/.gradle/wrapper/dists/gradle-2.14.1-all/8bnwg5hd3w55iofp58khbp6yv/gradle-2.14.1/lib/gradle-ui-2.14.1.jar
7f6650256000-7f6650259000 r--s 0000b000 08:01 5251055                    /home/pankaj/.gradle/wrapper/dists/gradle-2.14.1-all/8bnwg5hd3w55iofp58khbp6yv/gradle-2.14.1/lib/gradle-resources-2.14.1.jar
7f6650259000-7f665025b000 r--s 00003000 08:01 5251190                    /home/pankaj/.gradle/wrapper/dists/gradle-2.14.1-all/8bnwg5hd3w55iofp58khbp6yv/gradle-2.14.1/lib/jcl-over-slf4j-1.7.10.jar
7f665025b000-7f665025c000 r--s 00005000 08:01 5251168                    /home/pankaj/.gradle/wrapper/dists/gradle-2.14.1-all/8bnwg5hd3w55iofp58khbp6yv/gradle-2.14.1/lib/log4j-over-slf4j-1.7.10.jar
7f665025c000-7f665025e000 r--s 00000000 08:01 5251159                    /home/pankaj/.gradle/wrapper/dists/gradle-2.14.1-all/8bnwg5hd3w55iofp58khbp6yv/gradle-2.14.1/lib/jul-to-slf4j-1.7.10.jar
7f665025e000-7f6650263000 r--s 0001c000 08:01 5251038                    /home/pankaj/.gradle/wrapper/dists/gradle-2.14.1-all/8bnwg5hd3w55iofp58khbp6yv/gradle-2.14.1/lib/gradle-logging-2.14.1.jar
7f6650263000-7f6650265000 r--s 00007000 08:01 5251284                    /home/pankaj/.gradle/wrapper/dists/gradle-2.14.1-all/8bnwg5hd3w55iofp58khbp6yv/gradle-2.14.1/lib/objenesis-1.2.jar
7f6650265000-7f6650267000 r--s 00000000 08:01 5251282                    /home/pankaj/.gradle/wrapper/dists/gradle-2.14.1-all/8bnwg5hd3w55iofp58khbp6yv/gradle-2.14.1/lib/minlog-1.2.jar
7f6650267000-7f6650269000 r--s 0000f000 08:01 5251276                    /home/pankaj/.gradle/wrapper/dists/gradle-2.14.1-all/8bnwg5hd3w55iofp58khbp6yv/gradle-2.14.1/lib/reflectasm-1.07-shaded.jar
7f6650269000-7f665026d000 r--s 00026000 08:01 5251155                    /home/pankaj/.gradle/wrapper/dists/gradle-2.14.1-all/8bnwg5hd3w55iofp58khbp6yv/gradle-2.14.1/lib/kryo-2.20.jar
7f665026d000-7f6650273000 r--s 00025000 08:01 5251031                    /home/pankaj/.gradle/wrapper/dists/gradle-2.14.1-all/8bnwg5hd3w55iofp58khbp6yv/gradle-2.14.1/lib/gradle-messaging-2.14.1.jar
7f6650273000-7f6650274000 r--s 00003000 08:01 5251261                    /home/pankaj/.gradle/wrapper/dists/gradle-2.14.1-all/8bnwg5hd3w55iofp58khbp6yv/gradle-2.14.1/lib/native-platform-freebsd-amd64-0.10.jar
7f6650274000-7f6650275000 r--s 00003000 08:01 5251253                    /home/pankaj/.gradle/wrapper/dists/gradle-2.14.1-all/8bnwg5hd3w55iofp58khbp6yv/gradle-2.14.1/lib/native-platform-freebsd-i386-0.10.jar
7f6650275000-7f6650276000 r--s 00005000 08:01 5251244                    /home/pankaj/.gradle/wrapper/dists/gradle-2.14.1-all/8bnwg5hd3w55iofp58khbp6yv/gradle-2.14.1/lib/native-platform-windows-i386-0.10.jar
7f6650276000-7f6650277000 r--s 00005000 08:01 5251231                    /home/pankaj/.gradle/wrapper/dists/gradle-2.14.1-all/8bnwg5hd3w55iofp58khbp6yv/gradle-2.14.1/lib/native-platform-windows-amd64-0.10.jar
7f6650277000-7f6650278000 r--s 00003000 08:01 5251230                    /home/pankaj/.gradle/wrapper/dists/gradle-2.14.1-all/8bnwg5hd3w55iofp58khbp6yv/gradle-2.14.1/lib/native-platform-linux-i386-0.10.jar
7f6650278000-7f6650279000 r--s 00003000 08:01 5251225                    /home/pankaj/.gradle/wrapper/dists/gradle-2.14.1-all/8bnwg5hd3w55iofp58khbp6yv/gradle-2.14.1/lib/native-platform-linux-amd64-0.10.jar
7f6650279000-7f665027a000 r--s 00002000 08:01 5251222                    /home/pankaj/.gradle/wrapper/dists/gradle-2.14.1-all/8bnwg5hd3w55iofp58khbp6yv/gradle-2.14.1/lib/native-platform-osx-amd64-0.10.jar
7f665027a000-7f665027d000 r--s 0000d000 08:01 5251109                    /home/pankaj/.gradle/wrapper/dists/gradle-2.14.1-all/8bnwg5hd3w55iofp58khbp6yv/gradle-2.14.1/lib/native-platform-0.10.jar
7f665027d000-7f6650281000 r--s 000e4000 08:01 5251102                    /home/pankaj/.gradle/wrapper/dists/gradle-2.14.1-all/8bnwg5hd3w55iofp58khbp6yv/gradle-2.14.1/lib/jna-3.2.7.jar
7f6650281000-7f66502f0000 r--s 0063e000 08:01 5250862                    /home/pankaj/.gradle/wrapper/dists/gradle-2.14.1-all/8bnwg5hd3w55iofp58khbp6yv/gradle-2.14.1/lib/groovy-all-2.4.4.jar
7f66502f0000-7f6650318000 r--s 001cf000 08:01 5250836                    /home/pankaj/.gradle/wrapper/dists/gradle-2.14.1-all/8bnwg5hd3w55iofp58khbp6yv/gradle-2.14.1/lib/guava-jdk5-17.0.jar
7f6650318000-7f6650319000 ---p 00000000 00:00 0 
7f6650319000-7f6650419000 rw-p 00000000 00:00 0                          [stack:12056]
7f6650419000-7f665041c000 ---p 00000000 00:00 0 
7f665041c000-7f665051a000 rw-p 00000000 00:00 0                          [stack:12055]
7f665051a000-7f665051d000 ---p 00000000 00:00 0 
7f665051d000-7f665061b000 rw-p 00000000 00:00 0                          [stack:12054]
7f665061b000-7f665061e000 ---p 00000000 00:00 0 
7f665061e000-7f665071c000 rw-p 00000000 00:00 0                          [stack:12053]
7f665071c000-7f665071f000 ---p 00000000 00:00 0 
7f665071f000-7f665081d000 rw-p 00000000 00:00 0                          [stack:12052]
7f665081d000-7f6650820000 ---p 00000000 00:00 0 
7f6650820000-7f665091e000 rw-p 00000000 00:00 0                          [stack:12051]
7f665091e000-7f6651000000 r--p 00000000 08:01 10230601                   /usr/lib/locale/locale-archive
7f6651000000-7f6653400000 rwxp 00000000 00:00 0 
7f6653400000-7f6660000000 ---p 00000000 00:00 0 
7f6660000000-7f6660b9e000 rw-p 00000000 00:00 0 
7f6660b9e000-7f6664000000 ---p 00000000 00:00 0 
7f6664000000-7f6664002000 r--s 00008000 08:01 5251119                    /home/pankaj/.gradle/wrapper/dists/gradle-2.14.1-all/8bnwg5hd3w55iofp58khbp6yv/gradle-2.14.1/lib/jansi-1.2.1.jar
7f6664002000-7f6664004000 r--s 00009000 08:01 5250815                    /home/pankaj/.gradle/wrapper/dists/gradle-2.14.1-all/8bnwg5hd3w55iofp58khbp6yv/gradle-2.14.1/lib/gradle-native-2.14.1.jar
7f6664004000-7f6664006000 r--s 00005000 08:01 5250792                    /home/pankaj/.gradle/wrapper/dists/gradle-2.14.1-all/8bnwg5hd3w55iofp58khbp6yv/gradle-2.14.1/lib/gradle-cli-2.14.1.jar
7f6664006000-7f6664015000 r--s 00080000 08:01 5250907                    /home/pankaj/.gradle/wrapper/dists/gradle-2.14.1-all/8bnwg5hd3w55iofp58khbp6yv/gradle-2.14.1/lib/gradle-model-core-2.14.1.jar
7f6664015000-7f6664022000 r--s 00083000 08:01 5250953                    /home/pankaj/.gradle/wrapper/dists/gradle-2.14.1-all/8bnwg5hd3w55iofp58khbp6yv/gradle-2.14.1/lib/commons-collections-3.2.2.jar
7f6664022000-7f6664041000 r--s 001d1000 08:01 5250934                    /home/pankaj/.gradle/wrapper/dists/gradle-2.14.1-all/8bnwg5hd3w55iofp58khbp6yv/gradle-2.14.1/lib/ant-1.9.6.jar
7f6664041000-7f6664078000 r--s 001bd000 08:01 5250791                    /home/pankaj/.gradle/wrapper/dists/gradle-2.14.1-all/8bnwg5hd3w55iofp58khbp6yv/gradle-2.14.1/lib/gradle-core-2.14.1.jar
7f6664078000-7f666407b000 ---p 00000000 00:00 0 
7f666407b000-7f6664179000 rw-p 00000000 00:00 0                          [stack:12050]
7f6664179000-7f666417c000 ---p 00000000 00:00 0 
7f666417c000-7f666427a000 rw-p 00000000 00:00 0                          [stack:12049]
7f666427a000-7f666427b000 ---p 00000000 00:00 0 
7f666427b000-7f666535b000 rw-p 00000000 00:00 0                          [stack:12048]
7f666535b000-7f6665528000 r--s 03bec000 08:01 6562019                    /opt/android-studio/jre/jre/lib/rt.jar
7f6665528000-7f666609e000 rw-p 00000000 00:00 0 
7f666609e000-7f666609f000 ---p 00000000 00:00 0 
7f666609f000-7f666619f000 rw-p 00000000 00:00 0                          [stack:12047]
7f666619f000-7f66661a0000 ---p 00000000 00:00 0 
7f66661a0000-7f66662a0000 rw-p 00000000 00:00 0                          [stack:12046]
7f66662a0000-7f66662a1000 ---p 00000000 00:00 0 
7f66662a1000-7f66663a1000 rw-p 00000000 00:00 0                          [stack:12045]
7f66663a1000-7f66663a2000 ---p 00000000 00:00 0 
7f66663a2000-7f6666528000 rw-p 00000000 00:00 0                          [stack:12044]
7f6666528000-7f66666a2000 ---p 00000000 00:00 0 
7f66666a2000-7f6666728000 rw-p 00000000 00:00 0 
7f6666728000-7f66668a2000 ---p 00000000 00:00 0 
7f66668a2000-7f66669a2000 rw-p 00000000 00:00 0 
7f66669a2000-7f6666a33000 rw-p 00000000 00:00 0 
7f6666a33000-7f6666d63000 ---p 00000000 00:00 0 
7f6666d63000-7f6666d7d000 r-xp 00000000 08:01 6562046                    /opt/android-studio/jre/jre/lib/amd64/libzip.so
7f6666d7d000-7f6666f7d000 ---p 0001a000 08:01 6562046                    /opt/android-studio/jre/jre/lib/amd64/libzip.so
7f6666f7d000-7f6666f7e000 r--p 0001a000 08:01 6562046                    /opt/android-studio/jre/jre/lib/amd64/libzip.so
7f6666f7e000-7f6666f7f000 rw-p 0001b000 08:01 6562046                    /opt/android-studio/jre/jre/lib/amd64/libzip.so
7f6666f7f000-7f6666f89000 r-xp 00000000 08:01 14155880                   /lib/x86_64-linux-gnu/libnss_files-2.19.so
7f6666f89000-7f6667188000 ---p 0000a000 08:01 14155880                   /lib/x86_64-linux-gnu/libnss_files-2.19.so
7f6667188000-7f6667189000 r--p 00009000 08:01 14155880                   /lib/x86_64-linux-gnu/libnss_files-2.19.so
7f6667189000-7f666718a000 rw-p 0000a000 08:01 14155880                   /lib/x86_64-linux-gnu/libnss_files-2.19.so
7f666718a000-7f6667195000 r-xp 00000000 08:01 14155872                   /lib/x86_64-linux-gnu/libnss_nis-2.19.so
7f6667195000-7f6667394000 ---p 0000b000 08:01 14155872                   /lib/x86_64-linux-gnu/libnss_nis-2.19.so
7f6667394000-7f6667395000 r--p 0000a000 08:01 14155872                   /lib/x86_64-linux-gnu/libnss_nis-2.19.so
7f6667395000-7f6667396000 rw-p 0000b000 08:01 14155872                   /lib/x86_64-linux-gnu/libnss_nis-2.19.so
7f6667396000-7f66673ad000 r-xp 00000000 08:01 14155868                   /lib/x86_64-linux-gnu/libnsl-2.19.so
7f66673ad000-7f66675ac000 ---p 00017000 08:01 14155868                   /lib/x86_64-linux-gnu/libnsl-2.19.so
7f66675ac000-7f66675ad000 r--p 00016000 08:01 14155868                   /lib/x86_64-linux-gnu/libnsl-2.19.so
7f66675ad000-7f66675ae000 rw-p 00017000 08:01 14155868                   /lib/x86_64-linux-gnu/libnsl-2.19.so
7f66675ae000-7f66675b0000 rw-p 00000000 00:00 0 
7f66675b0000-7f66675b9000 r-xp 00000000 08:01 14155867                   /lib/x86_64-linux-gnu/libnss_compat-2.19.so
7f66675b9000-7f66677b8000 ---p 00009000 08:01 14155867                   /lib/x86_64-linux-gnu/libnss_compat-2.19.so
7f66677b8000-7f66677b9000 r--p 00008000 08:01 14155867                   /lib/x86_64-linux-gnu/libnss_compat-2.19.so
7f66677b9000-7f66677ba000 rw-p 00009000 08:01 14155867                   /lib/x86_64-linux-gnu/libnss_compat-2.19.so
7f66677ba000-7f66677e7000 r-xp 00000000 08:01 6562056                    /opt/android-studio/jre/jre/lib/amd64/libjava.so
7f66677e7000-7f66679e6000 ---p 0002d000 08:01 6562056                    /opt/android-studio/jre/jre/lib/amd64/libjava.so
7f66679e6000-7f66679e7000 r--p 0002c000 08:01 6562056                    /opt/android-studio/jre/jre/lib/amd64/libjava.so
7f66679e7000-7f66679e9000 rw-p 0002d000 08:01 6562056                    /opt/android-studio/jre/jre/lib/amd64/libjava.so
7f66679e9000-7f66679f9000 r-xp 00000000 08:01 6562072                    /opt/android-studio/jre/jre/lib/amd64/libverify.so
7f66679f9000-7f6667bf8000 ---p 00010000 08:01 6562072                    /opt/android-studio/jre/jre/lib/amd64/libverify.so
7f6667bf8000-7f6667bfa000 r--p 0000f000 08:01 6562072                    /opt/android-studio/jre/jre/lib/amd64/libverify.so
7f6667bfa000-7f6667bfb000 rw-p 00011000 08:01 6562072                    /opt/android-studio/jre/jre/lib/amd64/libverify.so
7f6667bfb000-7f6667c02000 r-xp 00000000 08:01 14155876                   /lib/x86_64-linux-gnu/librt-2.19.so
7f6667c02000-7f6667e01000 ---p 00007000 08:01 14155876                   /lib/x86_64-linux-gnu/librt-2.19.so
7f6667e01000-7f6667e02000 r--p 00006000 08:01 14155876                   /lib/x86_64-linux-gnu/librt-2.19.so
7f6667e02000-7f6667e03000 rw-p 00007000 08:01 14155876                   /lib/x86_64-linux-gnu/librt-2.19.so
7f6667e03000-7f6667f08000 r-xp 00000000 08:01 14155802                   /lib/x86_64-linux-gnu/libm-2.19.so
7f6667f08000-7f6668107000 ---p 00105000 08:01 14155802                   /lib/x86_64-linux-gnu/libm-2.19.so
7f6668107000-7f6668108000 r--p 00104000 08:01 14155802                   /lib/x86_64-linux-gnu/libm-2.19.so
7f6668108000-7f6668109000 rw-p 00105000 08:01 14155802                   /lib/x86_64-linux-gnu/libm-2.19.so
7f6668109000-7f6668cef000 r-xp 00000000 08:01 6562076                    /opt/android-studio/jre/jre/lib/amd64/server/libjvm.so
7f6668cef000-7f6668eef000 ---p 00be6000 08:01 6562076                    /opt/android-studio/jre/jre/lib/amd64/server/libjvm.so
7f6668eef000-7f6668f8e000 r--p 00be6000 08:01 6562076                    /opt/android-studio/jre/jre/lib/amd64/server/libjvm.so
7f6668f8e000-7f6668fb7000 rw-p 00c85000 08:01 6562076                    /opt/android-studio/jre/jre/lib/amd64/server/libjvm.so
7f6668fb7000-7f6668ff9000 rw-p 00000000 00:00 0 
7f6668ff9000-7f6669012000 r-xp 00000000 08:01 14155869                   /lib/x86_64-linux-gnu/libpthread-2.19.so
7f6669012000-7f6669211000 ---p 00019000 08:01 14155869                   /lib/x86_64-linux-gnu/libpthread-2.19.so
7f6669211000-7f6669212000 r--p 00018000 08:01 14155869                   /lib/x86_64-linux-gnu/libpthread-2.19.so
7f6669212000-7f6669213000 rw-p 00019000 08:01 14155869                   /lib/x86_64-linux-gnu/libpthread-2.19.so
7f6669213000-7f6669217000 rw-p 00000000 00:00 0 
7f6669217000-7f666921a000 r-xp 00000000 08:01 14155806                   /lib/x86_64-linux-gnu/libdl-2.19.so
7f666921a000-7f6669419000 ---p 00003000 08:01 14155806                   /lib/x86_64-linux-gnu/libdl-2.19.so
7f6669419000-7f666941a000 r--p 00002000 08:01 14155806                   /lib/x86_64-linux-gnu/libdl-2.19.so
7f666941a000-7f666941b000 rw-p 00003000 08:01 14155806                   /lib/x86_64-linux-gnu/libdl-2.19.so
7f666941b000-7f66695d5000 r-xp 00000000 08:01 14155877                   /lib/x86_64-linux-gnu/libc-2.19.so
7f66695d5000-7f66697d5000 ---p 001ba000 08:01 14155877                   /lib/x86_64-linux-gnu/libc-2.19.so
7f66697d5000-7f66697d9000 r--p 001ba000 08:01 14155877                   /lib/x86_64-linux-gnu/libc-2.19.so
7f66697d9000-7f66697db000 rw-p 001be000 08:01 14155877                   /lib/x86_64-linux-gnu/libc-2.19.so
7f66697db000-7f66697e0000 rw-p 00000000 00:00 0 
7f66697e0000-7f66697f6000 r-xp 00000000 08:01 6560267                    /opt/android-studio/jre/lib/amd64/jli/libjli.so
7f66697f6000-7f66699f5000 ---p 00016000 08:01 6560267                    /opt/android-studio/jre/lib/amd64/jli/libjli.so
7f66699f5000-7f66699f6000 r--p 00015000 08:01 6560267                    /opt/android-studio/jre/lib/amd64/jli/libjli.so
7f66699f6000-7f66699f7000 rw-p 00016000 08:01 6560267                    /opt/android-studio/jre/lib/amd64/jli/libjli.so
7f66699f7000-7f6669a1a000 r-xp 00000000 08:01 14155870                   /lib/x86_64-linux-gnu/ld-2.19.so
7f6669a1a000-7f6669a1b000 r--s 00002000 08:01 5251194                    /home/pankaj/.gradle/wrapper/dists/gradle-2.14.1-all/8bnwg5hd3w55iofp58khbp6yv/gradle-2.14.1/lib/native-platform-osx-i386-0.10.jar
7f6669a1b000-7f6669a1d000 r--s 00007000 08:01 5250915                    /home/pankaj/.gradle/wrapper/dists/gradle-2.14.1-all/8bnwg5hd3w55iofp58khbp6yv/gradle-2.14.1/lib/gradle-model-groovy-2.14.1.jar
7f6669a1d000-7f6669a1e000 r--s 00006000 08:01 5251021                    /home/pankaj/.gradle/wrapper/dists/gradle-2.14.1-all/8bnwg5hd3w55iofp58khbp6yv/gradle-2.14.1/lib/gradle-base-services-groovy-2.14.1.jar
7f6669a1e000-7f6669a1f000 r--s 00002000 08:01 5251057                    /home/pankaj/.gradle/wrapper/dists/gradle-2.14.1-all/8bnwg5hd3w55iofp58khbp6yv/gradle-2.14.1/lib/gradle-docs-2.14.1.jar
7f6669a1f000-7f6669a20000 r--s 00000000 08:01 5250985                    /home/pankaj/.gradle/wrapper/dists/gradle-2.14.1-all/8bnwg5hd3w55iofp58khbp6yv/gradle-2.14.1/lib/javax.inject-1.jar
7f6669a20000-7f6669a21000 r--s 00000000 08:01 5250981                    /home/pankaj/.gradle/wrapper/dists/gradle-2.14.1-all/8bnwg5hd3w55iofp58khbp6yv/gradle-2.14.1/lib/jcip-annotations-1.0.jar
7f6669a21000-7f6669a25000 r--s 00027000 08:01 5250973                    /home/pankaj/.gradle/wrapper/dists/gradle-2.14.1-all/8bnwg5hd3w55iofp58khbp6yv/gradle-2.14.1/lib/commons-io-2.2.jar
7f6669a25000-7f6669a2a000 r--s 00038000 08:01 5250921                    /home/pankaj/.gradle/wrapper/dists/gradle-2.14.1-all/8bnwg5hd3w55iofp58khbp6yv/gradle-2.14.1/lib/asm-all-5.1.jar
7f6669a2a000-7f6669a2b000 r--s 00001000 08:01 5250846                    /home/pankaj/.gradle/wrapper/dists/gradle-2.14.1-all/8bnwg5hd3w55iofp58khbp6yv/gradle-2.14.1/lib/gradle-process-services-2.14.1.jar
7f6669a2b000-7f6669a2c000 r--s 00000000 08:01 5250789                    /home/pankaj/.gradle/wrapper/dists/gradle-2.14.1-all/8bnwg5hd3w55iofp58khbp6yv/gradle-2.14.1/lib/gradle-jvm-services-2.14.1.jar
7f6669a2c000-7f6669a31000 r--s 00041000 08:01 5250842                    /home/pankaj/.gradle/wrapper/dists/gradle-2.14.1-all/8bnwg5hd3w55iofp58khbp6yv/gradle-2.14.1/lib/commons-lang-2.6.jar
7f6669a31000-7f6669a32000 r--s 00007000 08:01 5250829                    /home/pankaj/.gradle/wrapper/dists/gradle-2.14.1-all/8bnwg5hd3w55iofp58khbp6yv/gradle-2.14.1/lib/slf4j-api-1.7.10.jar
7f6669a32000-7f6669af4000 rw-p 00000000 00:00 0 
7f6669af4000-7f6669af7000 ---p 00000000 00:00 0 
7f6669af7000-7f6669bf9000 rw-p 00000000 00:00 0                          [stack:12043]
7f6669bf9000-7f6669bfa000 r--s 00004000 08:01 5251138                    /home/pankaj/.gradle/wrapper/dists/gradle-2.14.1-all/8bnwg5hd3w55iofp58khbp6yv/gradle-2.14.1/lib/ant-launcher-1.9.6.jar
7f6669bfa000-7f6669c02000 r--s 0003a000 08:01 5250781                    /home/pankaj/.gradle/wrapper/dists/gradle-2.14.1-all/8bnwg5hd3w55iofp58khbp6yv/gradle-2.14.1/lib/gradle-base-services-2.14.1.jar
7f6669c02000-7f6669c0d000 r--s 00051000 08:01 5250743                    /home/pankaj/.gradle/wrapper/dists/gradle-2.14.1-all/8bnwg5hd3w55iofp58khbp6yv/gradle-2.14.1/lib/gradle-launcher-2.14.1.jar
7f6669c0d000-7f6669c15000 rw-s 00000000 08:01 5512671                    /tmp/hsperfdata_pankaj/12040
7f6669c15000-7f6669c16000 rw-p 00000000 00:00 0 
7f6669c16000-7f6669c17000 ---p 00000000 00:00 0 
7f6669c17000-7f6669c19000 rw-p 00000000 00:00 0 
7f6669c19000-7f6669c1a000 r--p 00022000 08:01 14155870                   /lib/x86_64-linux-gnu/ld-2.19.so
7f6669c1a000-7f6669c1b000 rw-p 00023000 08:01 14155870                   /lib/x86_64-linux-gnu/ld-2.19.so
7f6669c1b000-7f6669c1c000 rw-p 00000000 00:00 0 
7ffc434e4000-7ffc43505000 rw-p 00000000 00:00 0                          [stack]
7ffc435fa000-7ffc435fc000 r-xp 00000000 00:00 0                          [vdso]
ffffffffff600000-ffffffffff601000 r-xp 00000000 00:00 0                  [vsyscall]

VM Arguments:
jvm_args: -Xmx1536m -Dfile.encoding=UTF-8 -Duser.country=IN -Duser.language=en -Duser.variant 
java_command: org.gradle.launcher.daemon.bootstrap.GradleDaemon 2.14.1
java_class_path (initial): /home/pankaj/.gradle/wrapper/dists/gradle-2.14.1-all/8bnwg5hd3w55iofp58khbp6yv/gradle-2.14.1/lib/gradle-launcher-2.14.1.jar
Launcher Type: SUN_STANDARD

Environment Variables:
JAVA_HOME=/usr/lib/jvm/java-8-oracle
PATH=/usr/local/sbin:/usr/local/bin:/usr/sbin:/usr/bin:/sbin:/bin:/usr/games:/usr/local/games:/usr/lib/jvm/java-8-oracle/bin:/usr/lib/jvm/java-8-oracle/db/bin:/usr/lib/jvm/java-8-oracle/jre/bin
LD_LIBRARY_PATH=/opt/android-studio/bin:
SHELL=/bin/bash
DISPLAY=:0

Signal Handlers:
SIGSEGV: [libjvm.so+0x9daac0], sa_mask[0]=11111111011111111101111111111110, sa_flags=SA_RESTART|SA_SIGINFO
SIGBUS: [libjvm.so+0x9daac0], sa_mask[0]=11111111011111111101111111111110, sa_flags=SA_RESTART|SA_SIGINFO
SIGFPE: [libjvm.so+0x840d90], sa_mask[0]=11111111011111111101111111111110, sa_flags=SA_RESTART|SA_SIGINFO
SIGPIPE: [libjvm.so+0x840d90], sa_mask[0]=11111111011111111101111111111110, sa_flags=SA_RESTART|SA_SIGINFO
SIGXFSZ: [libjvm.so+0x840d90], sa_mask[0]=11111111011111111101111111111110, sa_flags=SA_RESTART|SA_SIGINFO
SIGILL: [libjvm.so+0x840d90], sa_mask[0]=11111111011111111101111111111110, sa_flags=SA_RESTART|SA_SIGINFO
SIGUSR1: SIG_DFL, sa_mask[0]=00000000000000000000000000000000, sa_flags=none
SIGUSR2: [libjvm.so+0x840c60], sa_mask[0]=00100000000000000000000000000000, sa_flags=SA_RESTART|SA_SIGINFO
SIGHUP: [libjvm.so+0x840e50], sa_mask[0]=11111111011111111101111111111110, sa_flags=SA_RESTART|SA_SIGINFO
SIGINT: [libjvm.so+0x840e50], sa_mask[0]=11111111011111111101111111111110, sa_flags=SA_RESTART|SA_SIGINFO
SIGTERM: [libjvm.so+0x840e50], sa_mask[0]=11111111011111111101111111111110, sa_flags=SA_RESTART|SA_SIGINFO
SIGQUIT: [libjvm.so+0x840e50], sa_mask[0]=11111111011111111101111111111110, sa_flags=SA_RESTART|SA_SIGINFO


---------------  S Y S T E M  ---------------

OS:DISTRIB_ID=Ubuntu
DISTRIB_RELEASE=14.04
DISTRIB_CODENAME=trusty
DISTRIB_DESCRIPTION="Ubuntu 14.04.4 LTS"

uname:Linux 3.13.0-92-generic #139-Ubuntu SMP Tue Jun 28 20:42:26 UTC 2016 x86_64
libc:glibc 2.19 NPTL 2.19 
rlimit: STACK 8192k, CORE 0k, NPROC 30427, NOFILE 4096, AS infinity
load average:5.01 2.28 1.39

/proc/meminfo:
MemTotal:        3916360 kB
MemFree:           84228 kB
Buffers:             304 kB
Cached:           335628 kB
SwapCached:         2388 kB
Active:          2855616 kB
Inactive:         768948 kB
Active(anon):    2855024 kB
Inactive(anon):   760308 kB
Active(file):        592 kB
Inactive(file):     8640 kB
Unevictable:         336 kB
Mlocked:             336 kB
SwapTotal:       4060156 kB
SwapFree:              0 kB
Dirty:                 8 kB
Writeback:             0 kB
AnonPages:       3290812 kB
Mapped:             9572 kB
Shmem:            324492 kB
Slab:              82536 kB
SReclaimable:      33216 kB
SUnreclaim:        49320 kB
KernelStack:        6464 kB
PageTables:        56956 kB
NFS_Unstable:          0 kB
Bounce:                0 kB
WritebackTmp:          0 kB
CommitLimit:     6018336 kB
Committed_AS:   12649308 kB
VmallocTotal:   34359738367 kB
VmallocUsed:      349516 kB
VmallocChunk:   34359346004 kB
HardwareCorrupted:     0 kB
AnonHugePages:    438272 kB
HugePages_Total:       0
HugePages_Free:        0
HugePages_Rsvd:        0
HugePages_Surp:        0
Hugepagesize:       2048 kB
DirectMap4k:       95656 kB
DirectMap2M:     2918400 kB
DirectMap1G:     1048576 kB


CPU:total 4 (4 cores per cpu, 1 threads per core) family 6 model 60 stepping 3, cmov, cx8, fxsr, mmx, sse, sse2, sse3, ssse3, sse4.1, sse4.2, popcnt, avx, avx2, aes, clmul, erms, lzcnt, tsc, tscinvbit, bmi1, bmi2

/proc/cpuinfo:
processor	: 0
vendor_id	: GenuineIntel
cpu family	: 6
model		: 60
model name	: Intel(R) Core(TM) i5-4440S CPU @ 2.80GHz
stepping	: 3
microcode	: 0x19
cpu MHz		: 2801.000
cache size	: 6144 KB
physical id	: 0
siblings	: 4
core id		: 0
cpu cores	: 4
apicid		: 0
initial apicid	: 0
fpu		: yes
fpu_exception	: yes
cpuid level	: 13
wp		: yes
flags		: fpu vme de pse tsc msr pae mce cx8 apic sep mtrr pge mca cmov pat pse36 clflush dts acpi mmx fxsr sse sse2 ss ht tm pbe syscall nx pdpe1gb rdtscp lm constant_tsc arch_perfmon pebs bts rep_good nopl xtopology nonstop_tsc aperfmperf eagerfpu pni pclmulqdq dtes64 monitor ds_cpl vmx est tm2 ssse3 fma cx16 xtpr pdcm pcid sse4_1 sse4_2 x2apic movbe popcnt tsc_deadline_timer aes xsave avx f16c rdrand lahf_lm abm ida arat epb xsaveopt pln pts dtherm tpr_shadow vnmi flexpriority ept vpid fsgsbase tsc_adjust bmi1 avx2 smep bmi2 erms invpcid
bogomips	: 5586.98
clflush size	: 64
cache_alignment	: 64
address sizes	: 39 bits physical, 48 bits virtual
power management:

processor	: 1
vendor_id	: GenuineIntel
cpu family	: 6
model		: 60
model name	: Intel(R) Core(TM) i5-4440S CPU @ 2.80GHz
stepping	: 3
microcode	: 0x19
cpu MHz		: 2801.000
cache size	: 6144 KB
physical id	: 0
siblings	: 4
core id		: 1
cpu cores	: 4
apicid		: 2
initial apicid	: 2
fpu		: yes
fpu_exception	: yes
cpuid level	: 13
wp		: yes
flags		: fpu vme de pse tsc msr pae mce cx8 apic sep mtrr pge mca cmov pat pse36 clflush dts acpi mmx fxsr sse sse2 ss ht tm pbe syscall nx pdpe1gb rdtscp lm constant_tsc arch_perfmon pebs bts rep_good nopl xtopology nonstop_tsc aperfmperf eagerfpu pni pclmulqdq dtes64 monitor ds_cpl vmx est tm2 ssse3 fma cx16 xtpr pdcm pcid sse4_1 sse4_2 x2apic movbe popcnt tsc_deadline_timer aes xsave avx f16c rdrand lahf_lm abm ida arat epb xsaveopt pln pts dtherm tpr_shadow vnmi flexpriority ept vpid fsgsbase tsc_adjust bmi1 avx2 smep bmi2 erms invpcid
bogomips	: 5586.98
clflush size	: 64
cache_alignment	: 64
address sizes	: 39 bits physical, 48 bits virtual
power management:

processor	: 2
vendor_id	: GenuineIntel
cpu family	: 6
model		: 60
model name	: Intel(R) Core(TM) i5-4440S CPU @ 2.80GHz
stepping	: 3
microcode	: 0x19
cpu MHz		: 2801.000
cache size	: 6144 KB
physical id	: 0
siblings	: 4
core id		: 2
cpu cores	: 4
apicid		: 4
initial apicid	: 4
fpu		: yes
fpu_exception	: yes
cpuid level	: 13
wp		: yes
flags		: fpu vme de pse tsc msr pae mce cx8 apic sep mtrr pge mca cmov pat pse36 clflush dts acpi mmx fxsr sse sse2 ss ht tm pbe syscall nx pdpe1gb rdtscp lm constant_tsc arch_perfmon pebs bts rep_good nopl xtopology nonstop_tsc aperfmperf eagerfpu pni pclmulqdq dtes64 monitor ds_cpl vmx est tm2 ssse3 fma cx16 xtpr pdcm pcid sse4_1 sse4_2 x2apic movbe popcnt tsc_deadline_timer aes xsave avx f16c rdrand lahf_lm abm ida arat epb xsaveopt pln pts dtherm tpr_shadow vnmi flexpriority ept vpid fsgsbase tsc_adjust bmi1 avx2 smep bmi2 erms invpcid
bogomips	: 5586.98
clflush size	: 64
cache_alignment	: 64
address sizes	: 39 bits physical, 48 bits virtual
power management:

processor	: 3
vendor_id	: GenuineIntel
cpu family	: 6
model		: 60
model name	: Intel(R) Core(TM) i5-4440S CPU @ 2.80GHz
stepping	: 3
microcode	: 0x19
cpu MHz		: 2801.000
cache size	: 6144 KB
physical id	: 0
siblings	: 4
core id		: 3
cpu cores	: 4
apicid		: 6
initial apicid	: 6
fpu		: yes
fpu_exception	: yes
cpuid level	: 13
wp		: yes
flags		: fpu vme de pse tsc msr pae mce cx8 apic sep mtrr pge mca cmov pat pse36 clflush dts acpi mmx fxsr sse sse2 ss ht tm pbe syscall nx pdpe1gb rdtscp lm constant_tsc arch_perfmon pebs bts rep_good nopl xtopology nonstop_tsc aperfmperf eagerfpu pni pclmulqdq dtes64 monitor ds_cpl vmx est tm2 ssse3 fma cx16 xtpr pdcm pcid sse4_1 sse4_2 x2apic movbe popcnt tsc_deadline_timer aes xsave avx f16c rdrand lahf_lm abm ida arat epb xsaveopt pln pts dtherm tpr_shadow vnmi flexpriority ept vpid fsgsbase tsc_adjust bmi1 avx2 smep bmi2 erms invpcid
bogomips	: 5586.98
clflush size	: 64
cache_alignment	: 64
address sizes	: 39 bits physical, 48 bits virtual
power management:



Memory: 4k page, physical 3916360k(84228k free), swap 4060156k(0k free)

vm_info: OpenJDK 64-Bit Server VM (25.76-b03) for linux-amd64 JRE (1.8.0_76-release-b03), built on Jun 29 2016 09:39:19 by "builder" with gcc 4.8.4

time: Tue Jan 17 14:32:27 2017
elapsed time: 37 seconds (0d 0h 0m 37s)

